Inserindo a palavra ----> delta
Inserindo a palavra ----> calculadoras
Inserindo a palavra ----> icms
Inserindo a palavra ----> trara
Inserindo a palavra ----> radicalizacao
Inserindo a palavra ----> contrata
Inserindo a palavra ----> centrao
Inserindo a palavra ----> exagerou
Inserindo a palavra ----> idiotas
Inserindo a palavra ----> uteis
Inserindo a palavra ----> amoedo
Inserindo a palavra ----> polemicas
Inserindo a palavra ----> desnecessarias
Inserindo a palavra ----> morosidade
Inserindo a palavra ----> traicao
Inserindo a palavra ----> reacende
Inserindo a palavra ----> exaltam
Inserindo a palavra ----> reformas
Inserindo a palavra ----> impulsionados
Inserindo a palavra ----> lotar
Inserindo a palavra ----> superaram
Inserindo a palavra ----> 26
Inserindo a palavra ----> mai
Inserindo a palavra ----> 18h04
Inserindo a palavra ----> garantem
Inserindo a palavra ----> fidelizacao
Inserindo a palavra ----> eleitorado
Inserindo a palavra ----> inflavel
Inserindo a palavra ----> manifestantes
Inserindo a palavra ----> 204
Inserindo a palavra ----> 579
Inserindo a palavra ----> 278
Inserindo a palavra ----> abr
Inserindo a palavra ----> 906
Inserindo a palavra ----> 536
Inserindo a palavra ----> trust
Inserindo a palavra ----> endossa
Inserindo a palavra ----> marcados
Inserindo a palavra ----> orfaos
Inserindo a palavra ----> dicionarios
Inserindo a palavra ----> simulados
Inserindo a palavra ----> 26t19103526
Inserindo a palavra ----> 19h10
Inserindo a palavra ----> df
Inserindo a palavra ----> alvos
Inserindo a palavra ----> defenderam
Inserindo a palavra ----> elogiaram
Inserindo a palavra ----> pacificas
Inserindo a palavra ----> incidentes
Inserindo a palavra ----> votacoes
Inserindo a palavra ----> poderes
Inserindo a palavra ----> criticados
Inserindo a palavra ----> executivo
Inserindo a palavra ----> defendido
Inserindo a palavra ----> endossados
Inserindo a palavra ----> portadores
Inserindo a palavra ----> pautas
Inserindo a palavra ----> legitimas
Inserindo a palavra ----> democraticas
Inserindo a palavra ----> aprovacao
Inserindo a palavra ----> marcadas
Inserindo a palavra ----> acusacoes
Inserindo a palavra ----> encarnado
Inserindo a palavra ----> manifestante
Inserindo a palavra ----> lagosta
Inserindo a palavra ----> fechamento
Inserindo a palavra ----> almeida
Inserindo a palavra ----> 20h30
Inserindo a palavra ----> defendiam
Inserindo a palavra ----> insita
Inserindo a palavra ----> distorcer
Inserindo a palavra ----> cobravam
Inserindo a palavra ----> governadores
Inserindo a palavra ----> prefeitos
Inserindo a palavra ----> vereadores
Inserindo a palavra ----> juizes
Inserindo a palavra ----> amadurecimento
Inserindo a palavra ----> sensiveis
Inserindo a palavra ----> anseios
Inserindo a palavra ----> carater
Inserindo a palavra ----> jairbolsonaro
Inserindo a palavra ----> fortaleceu
Inserindo a palavra ----> votando
Inserindo a palavra ----> contagens
Inserindo a palavra ----> precisao
Inserindo a palavra ----> congelamento
Inserindo a palavra ----> 241
Inserindo a palavra ----> 59
Inserindo a palavra ----> promover
Inserindo a palavra ----> 179
Inserindo a palavra ----> faladas
Inserindo a palavra ----> recorrencia
Inserindo a palavra ----> tsunami
Inserindo a palavra ----> 224
Inserindo a palavra ----> levantamento
Inserindo a palavra ----> convocacoes
Inserindo a palavra ----> numerosas
Inserindo a palavra ----> medir
Inserindo a palavra ----> estudantes
Inserindo a palavra ----> manipulada
Inserindo a palavra ----> mbl
Inserindo a palavra ----> associar
Inserindo a palavra ----> posturas
Inserindo a palavra ----> revoltado
Inserindo a palavra ----> atacada
Inserindo a palavra ----> distorcao
Inserindo a palavra ----> condena
Inserindo a palavra ----> postura
Inserindo a palavra ----> placa
Inserindo a palavra ----> mirthyani
Inserindo a palavra ----> bezerra
Inserindo a palavra ----> minimizadas
Inserindo a palavra ----> queixas
Inserindo a palavra ----> abundantes
Inserindo a palavra ----> recusavam
Inserindo a palavra ----> aceitavam
Inserindo a palavra ----> ouviram
Inserindo a palavra ----> reclamacoes
Inserindo a palavra ----> persegue
Inserindo a palavra ----> rondam
Inserindo a palavra ----> hostilizado
Inserindo a palavra ----> minoritaria
Inserindo a palavra ----> estendem
Inserindo a palavra ----> beatriz
Inserindo a palavra ----> demandas
Inserindo a palavra ----> minoritarias
Inserindo a palavra ----> presenciados
Inserindo a palavra ----> espantar
Inserindo a palavra ----> janaina
Inserindo a palavra ----> desaconselhar
Inserindo a palavra ----> compareceu
Inserindo a palavra ----> capitalizar
Inserindo a palavra ----> aprovar
Inserindo a palavra ----> reforcaram
Inserindo a palavra ----> mitificar
Inserindo a palavra ----> aguiar
Inserindo a palavra ----> denominacao
Inserindo a palavra ----> atentado
Inserindo a palavra ----> comunistas
Inserindo a palavra ----> socialistas
Inserindo a palavra ----> paralisia
Inserindo a palavra ----> atraso
Inserindo a palavra ----> aplaudiram
Inserindo a palavra ----> padre
Inserindo a palavra ----> aquilo
Inserindo a palavra ----> reagiram
Inserindo a palavra ----> ergueram
Inserindo a palavra ----> ficcional
Inserindo a palavra ----> caracterizada
Inserindo a palavra ----> procuradas
Inserindo a palavra ----> assessorias
Inserindo a palavra ----> afirmaram
Inserindo a palavra ----> comentariam
Inserindo a palavra ----> ramalhoso
Inserindo a palavra ----> hanrrikson
Inserindo a palavra ----> fragmentada
Inserindo a palavra ----> avanco
Inserindo a palavra ----> ecologistas
Inserindo a palavra ----> chancela
Inserindo a palavra ----> agilidade
Inserindo a palavra ----> 22h44
Inserindo a palavra ----> confeiteiro
Inserindo a palavra ----> valdir
Inserindo a palavra ----> vim
Inserindo a palavra ----> 21h48
Inserindo a palavra ----> arrancam
Inserindo a palavra ----> arrancaram
Inserindo a palavra ----> afixada
Inserindo a palavra ----> 19h41
Inserindo a palavra ----> utilizaram
Inserindo a palavra ----> 19h35
Inserindo a palavra ----> avaliam
Inserindo a palavra ----> analistas
Inserindo a palavra ----> ocuparam
Inserindo a palavra ----> escoltada
Inserindo a palavra ----> cercada
Inserindo a palavra ----> camiseta
Inserindo a palavra ----> morta
Inserindo a palavra ----> 18h28
Inserindo a palavra ----> alameda
Inserindo a palavra ----> 17h58
Inserindo a palavra ----> 16h52
Inserindo a palavra ----> deixem
Inserindo a palavra ----> exposta
Inserindo a palavra ----> carregada
Inserindo a palavra ----> 16h04
Inserindo a palavra ----> av
Inserindo a palavra ----> vestindo
Inserindo a palavra ----> camisas
Inserindo a palavra ----> vermelhas
Inserindo a palavra ----> caminhou
Inserindo a palavra ----> provocou
Inserindo a palavra ----> 15h48
Inserindo a palavra ----> empresario
Inserindo a palavra ----> 120
Inserindo a palavra ----> 15h31
Inserindo a palavra ----> confio
Inserindo a palavra ----> sales
Inserindo a palavra ----> 62
Inserindo a palavra ----> largou
Inserindo a palavra ----> lancaram
Inserindo a palavra ----> sacerdote
Inserindo a palavra ----> eletrico
Inserindo a palavra ----> montado
Inserindo a palavra ----> masp
Inserindo a palavra ----> museu
Inserindo a palavra ----> 14h36
Inserindo a palavra ----> aluno
Inserindo a palavra ----> armando
Inserindo a palavra ----> 13h30
Inserindo a palavra ----> pixuleco
Inserindo a palavra ----> ocorrida
Inserindo a palavra ----> 12h54
Inserindo a palavra ----> reune
Inserindo a palavra ----> 12h37
Inserindo a palavra ----> fantasiam
Inserindo a palavra ----> toga
Inserindo a palavra ----> fantasiou
Inserindo a palavra ----> 12h24
Inserindo a palavra ----> programado
Inserindo a palavra ----> 11h25
Inserindo a palavra ----> copacabana
Inserindo a palavra ----> 10h49
Inserindo a palavra ----> avalia
Inserindo a palavra ----> 08h45
Inserindo a palavra ----> testam
Inserindo a palavra ----> convocadas
Inserindo a palavra ----> 08h36
Inserindo a palavra ----> radicalismo
Inserindo a palavra ----> prometem
Inserindo a palavra ----> traidores
Inserindo a palavra ----> planta
Inserindo a palavra ----> colhe
Inserindo a palavra ----> manga
Inserindo a palavra ----> uva
Inserindo a palavra ----> bordo
Inserindo a palavra ----> semiarido
Inserindo a palavra ----> aproximar
Inserindo a palavra ----> auxiliares
Inserindo a palavra ----> choques
Inserindo a palavra ----> semiparlamentarismo
Inserindo a palavra ----> rebote
Inserindo a palavra ----> cre
Inserindo a palavra ----> inflamar
Inserindo a palavra ----> 01h59
Inserindo a palavra ----> marchas
Inserindo a palavra ----> casou
Inserindo a palavra ----> psicologa
Inserindo a palavra ----> daminhas
Inserindo a palavra ----> 17h37
Inserindo a palavra ----> 17h24
Inserindo a palavra ----> observatorio
Inserindo a palavra ----> coalizao
Inserindo a palavra ----> criticou
Inserindo a palavra ----> opostos
Inserindo a palavra ----> apoiam
Inserindo a palavra ----> estudantis
Inserindo a palavra ----> 13h44
Inserindo a palavra ----> indenizar
Inserindo a palavra ----> desapropriacoes
Inserindo a palavra ----> prepara
Inserindo a palavra ----> noruega
Inserindo a palavra ----> 11h30
Inserindo a palavra ----> decreto
Inserindo a palavra ----> aquisicao
Inserindo a palavra ----> fuzis
Inserindo a palavra ----> cidadao
Inserindo a palavra ----> 10h11
Inserindo a palavra ----> violar
Inserindo a palavra ----> atrasar
Inserindo a palavra ----> 08h24
Inserindo a palavra ----> 07h20
Inserindo a palavra ----> radical
Inserindo a palavra ----> lobo
Inserindo a palavra ----> solitario
Inserindo a palavra ----> organizador
Inserindo a palavra ----> ceo
Inserindo a palavra ----> refutou
Inserindo a palavra ----> deficit
Inserindo a palavra ----> vegetacao
Inserindo a palavra ----> nativa
Inserindo a palavra ----> florestal
Inserindo a palavra ----> averiguar
Inserindo a palavra ----> concentrado
Inserindo a palavra ----> hetero
Inserindo a palavra ----> ne
Inserindo a palavra ----> superestrutura
Inserindo a palavra ----> insubstituivel
Inserindo a palavra ----> vaidoso
Inserindo a palavra ----> porte
Inserindo a palavra ----> 24
Inserindo a palavra ----> 19h57
Inserindo a palavra ----> rechacar
Inserindo a palavra ----> reafirmar
Inserindo a palavra ----> retomada
Inserindo a palavra ----> for
Inserindo a palavra ----> 18h49
Inserindo a palavra ----> falsidade
Inserindo a palavra ----> ideologica
Inserindo a palavra ----> wagner
Inserindo a palavra ----> pires
Inserindo a palavra ----> evitou
Inserindo a palavra ----> 27t00080927
Inserindo a palavra ----> 00h08
Inserindo a palavra ----> apura
Inserindo a palavra ----> denuncias
Inserindo a palavra ----> restringe
Inserindo a palavra ----> iniciada
Inserindo a palavra ----> relevante
Inserindo a palavra ----> cedeu
Inserindo a palavra ----> independencia
Inserindo a palavra ----> investigadores
Inserindo a palavra ----> escutaram
Inserindo a palavra ----> envolvidas
Inserindo a palavra ----> prestadores
Inserindo a palavra ----> analitico
Inserindo a palavra ----> contabil
Inserindo a palavra ----> devida
Inserindo a palavra ----> superfaturados
Inserindo a palavra ----> crimes
Inserindo a palavra ----> pinho
Inserindo a palavra ----> lamento
Inserindo a palavra ----> derrotados
Inserindo a palavra ----> pleito
Inserindo a palavra ----> insistido
Inserindo a palavra ----> tumultuar
Inserindo a palavra ----> plantando
Inserindo a palavra ----> acreditado
Inserindo a palavra ----> conteudos
Inserindo a palavra ----> recolocar
Inserindo a palavra ----> consertando
Inserindo a palavra ----> absurdez
Inserindo a palavra ----> cometidos
Inserindo a palavra ----> espn
Inserindo a palavra ----> el
Inserindo a palavra ----> cabo
Inserindo a palavra ----> chave
Inserindo a palavra ----> torneios
Inserindo a palavra ----> 00h49
Inserindo a palavra ----> acostumados
Inserindo a palavra ----> paternalismo
Inserindo a palavra ----> escolhem
Inserindo a palavra ----> 00h09
Inserindo a palavra ----> contraiu
Inserindo a palavra ----> emprestimos
Inserindo a palavra ----> 23h51
Inserindo a palavra ----> cuca
Inserindo a palavra ----> privar
Inserindo a palavra ----> 23h19
Inserindo a palavra ----> dispara
Inserindo a palavra ----> luxa
Inserindo a palavra ----> vanderlei
Inserindo a palavra ----> luxemburgo
Inserindo a palavra ----> mandou
Inserindo a palavra ----> 23h13
Inserindo a palavra ----> anulacao
Inserindo a palavra ----> transcenderam
Inserindo a palavra ----> 22h55
Inserindo a palavra ----> zoeiras
Inserindo a palavra ----> itaquera
Inserindo a palavra ----> 22h49
Inserindo a palavra ----> diniz
Inserindo a palavra ----> flu
Inserindo a palavra ----> enfiaria
Inserindo a palavra ----> 22h48
Inserindo a palavra ----> pedira
Inserindo a palavra ----> indevido
Inserindo a palavra ----> 22h45
Inserindo a palavra ----> pato
Inserindo a palavra ----> rivalidade
Inserindo a palavra ----> majestoso
Inserindo a palavra ----> reencontro
Inserindo a palavra ----> 22h42
Inserindo a palavra ----> andres
Inserindo a palavra ----> ironiza
Inserindo a palavra ----> timao
Inserindo a palavra ----> somos
Inserindo a palavra ----> vitorias
Inserindo a palavra ----> 22h41
Inserindo a palavra ----> gilberto
Inserindo a palavra ----> involuntario
Inserindo a palavra ----> 22h30
Inserindo a palavra ----> malandragem
Inserindo a palavra ----> furar
Inserindo a palavra ----> rodadas
Inserindo a palavra ----> 22h18
Inserindo a palavra ----> xaras
Inserindo a palavra ----> tricolores
Inserindo a palavra ----> 22h16
Inserindo a palavra ----> rodriguinho
Inserindo a palavra ----> 22h08
Inserindo a palavra ----> cedido
Inserindo a palavra ----> 43
Inserindo a palavra ----> 21h59
Inserindo a palavra ----> lamentou
Inserindo a palavra ----> 21h56
Inserindo a palavra ----> desiste
Inserindo a palavra ----> 21h55
Inserindo a palavra ----> derrotou
Inserindo a palavra ----> 21h44
Inserindo a palavra ----> individuais
Inserindo a palavra ----> golear
Inserindo a palavra ----> encanta
Inserindo a palavra ----> seguido
Inserindo a palavra ----> 21h41
Inserindo a palavra ----> caracteristica
Inserindo a palavra ----> 21h40
Inserindo a palavra ----> 21h31
Inserindo a palavra ----> balancar
Inserindo a palavra ----> oitavo
Inserindo a palavra ----> fregues
Inserindo a palavra ----> freguesia
Inserindo a palavra ----> 21h20
Inserindo a palavra ----> inexistente
Inserindo a palavra ----> 21h16
Inserindo a palavra ----> fator
Inserindo a palavra ----> 21h11
Inserindo a palavra ----> mantida
Inserindo a palavra ----> definida
Inserindo a palavra ----> maltino
Inserindo a palavra ----> 21h08
Inserindo a palavra ----> aquecimento
Inserindo a palavra ----> some
Inserindo a palavra ----> sabor
Inserindo a palavra ----> amargo
Inserindo a palavra ----> 21h06
Inserindo a palavra ----> ganso
Inserindo a palavra ----> pega
Inserindo a palavra ----> diminui
Inserindo a palavra ----> barreira
Inserindo a palavra ----> sobra
Inserindo a palavra ----> 20h59
Inserindo a palavra ----> chape
Inserindo a palavra ----> torres
Inserindo a palavra ----> 20h57
Inserindo a palavra ----> 20h56
Inserindo a palavra ----> valido
Inserindo a palavra ----> 20h55
Inserindo a palavra ----> 20h53
Inserindo a palavra ----> anota
Inserindo a palavra ----> golaco
Inserindo a palavra ----> domina
Inserindo a palavra ----> robinho
Inserindo a palavra ----> firmeza
Inserindo a palavra ----> 20h28
Inserindo a palavra ----> ressalta
Inserindo a palavra ----> decorrer
Inserindo a palavra ----> rubro
Inserindo a palavra ----> nino
Inserindo a palavra ----> atrasado
Inserindo a palavra ----> penalidade
Inserindo a palavra ----> 19h59
Inserindo a palavra ----> chute
Inserindo a palavra ----> desvia
Inserindo a palavra ----> rola
Inserindo a palavra ----> 19h23
Inserindo a palavra ----> brincadeiras
Inserindo a palavra ----> 19h21
Inserindo a palavra ----> merecia
Inserindo a palavra ----> 609
Inserindo a palavra ----> 19h14
Inserindo a palavra ----> enaltece
Inserindo a palavra ----> maracana
Inserindo a palavra ----> malware
Inserindo a palavra ----> roubam
Inserindo a palavra ----> istockphoto
Inserindo a palavra ----> trindade
Inserindo a palavra ----> 26t15503826
Inserindo a palavra ----> instalado
Inserindo a palavra ----> vazamentos
Inserindo a palavra ----> antivirus
Inserindo a palavra ----> detectar
Inserindo a palavra ----> sofisticacao
Inserindo a palavra ----> capturou
Inserindo a palavra ----> debito
Inserindo a palavra ----> ciberseguranca
Inserindo a palavra ----> divulgado
Inserindo a palavra ----> malicioso
Inserindo a palavra ----> estabelecimentos
Inserindo a palavra ----> espalhados
Inserindo a palavra ----> cibercriminosos
Inserindo a palavra ----> criaram
Inserindo a palavra ----> coleta
Inserindo a palavra ----> fizessem
Inserindo a palavra ----> compras
Inserindo a palavra ----> sistemas
Inserindo a palavra ----> computadores
Inserindo a palavra ----> estas
Inserindo a palavra ----> roubadas
Inserindo a palavra ----> armazenadas
Inserindo a palavra ----> operadores
Inserindo a palavra ----> teriam
Inserindo a palavra ----> roubado
Inserindo a palavra ----> 105
Inserindo a palavra ----> proteja
Inserindo a palavra ----> carrefour
Inserindo a palavra ----> cobrado
Inserindo a palavra ----> caixinha
Inserindo a palavra ----> pirateia
Inserindo a palavra ----> vazados
Inserindo a palavra ----> armazenados
Inserindo a palavra ----> senhas
Inserindo a palavra ----> identificada
Inserindo a palavra ----> massiva
Inserindo a palavra ----> reportada
Inserindo a palavra ----> entidades
Inserindo a palavra ----> classe
Inserindo a palavra ----> executavel
Inserindo a palavra ----> inicializado
Inserindo a palavra ----> executados
Inserindo a palavra ----> inicializacao
Inserindo a palavra ----> operacional
Inserindo a palavra ----> teclado
Inserindo a palavra ----> majoritariamente
Inserindo a palavra ----> softwares
Inserindo a palavra ----> ulisses
Inserindo a palavra ----> necessita
Inserindo a palavra ----> malwares
Inserindo a palavra ----> tecnicas
Inserindo a palavra ----> dificultem
Inserindo a palavra ----> deteccao
Inserindo a palavra ----> digitar
Inserindo a palavra ----> samsung
Inserindo a palavra ----> impressiona
Inserindo a palavra ----> falante
Inserindo a palavra ----> uolflagrado
Inserindo a palavra ----> piratear
Inserindo a palavra ----> estabelecimento
Inserindo a palavra ----> supermercados
Inserindo a palavra ----> instigada
Inserindo a palavra ----> retificar
Inserindo a palavra ----> promovida
Inserindo a palavra ----> uolgolpe
Inserindo a palavra ----> reveladas
Inserindo a palavra ----> montante
Inserindo a palavra ----> auditar
Inserindo a palavra ----> indicaram
Inserindo a palavra ----> bipartidario
Inserindo a palavra ----> regulamentar
Inserindo a palavra ----> uolgoogle
Inserindo a palavra ----> fomos
Inserindo a palavra ----> surpreendidos
Inserindo a palavra ----> monta
Inserindo a palavra ----> detalhado
Inserindo a palavra ----> comprovante
Inserindo a palavra ----> gmail
Inserindo a palavra ----> censuram
Inserindo a palavra ----> vietna
Inserindo a palavra ----> parcial
Inserindo a palavra ----> censurada
Inserindo a palavra ----> longa
Inserindo a palavra ----> especialista
Inserindo a palavra ----> van
Inserindo a palavra ----> afetou
Inserindo a palavra ----> gravissima
Inserindo a palavra ----> atualize
Inserindo a palavra ----> dispositivos
Inserindo a palavra ----> vigiar
Inserindo a palavra ----> hacker
Inserindo a palavra ----> afetar
Inserindo a palavra ----> remotamente
Inserindo a palavra ----> microfone
Inserindo a palavra ----> zuckerberg
Inserindo a palavra ----> odio
Inserindo a palavra ----> analisaram
Inserindo a palavra ----> endurecer
Inserindo a palavra ----> uolcriptografia
Inserindo a palavra ----> popularidade
Inserindo a palavra ----> provavel
Inserindo a palavra ----> seguras
Inserindo a palavra ----> interceptadas
Inserindo a palavra ----> defesas
Inserindo a palavra ----> 133
Inserindo a palavra ----> aumentaram
Inserindo a palavra ----> exponencialmente
Inserindo a palavra ----> ciberneticos
Inserindo a palavra ----> consultoria
Inserindo a palavra ----> 67
Inserindo a palavra ----> simularao
Inserindo a palavra ----> ciberataque
Inserindo a palavra ----> industriais
Inserindo a palavra ----> ocidentais
Inserindo a palavra ----> simular
Inserindo a palavra ----> cibernetica
Inserindo a palavra ----> disseram
Inserindo a palavra ----> francesas
Inserindo a palavra ----> aquele
Inserindo a palavra ----> vingadores
Inserindo a palavra ----> acelerados
Inserindo a palavra ----> tempos
Inserindo a palavra ----> sentir
Inserindo a palavra ----> atraida
Inserindo a palavra ----> internets
Inserindo a palavra ----> vladimir
Inserindo a palavra ----> assinou
Inserindo a palavra ----> institui
Inserindo a palavra ----> possibilite
Inserindo a palavra ----> isolar
Inserindo a palavra ----> direcionar
Inserindo a palavra ----> relaxar
Inserindo a palavra ----> facilita
Inserindo a palavra ----> tempinho
Inserindo a palavra ----> furtado
Inserindo a palavra ----> bandidos
Inserindo a palavra ----> tomada
Inserindo a palavra ----> gambiarras
Inserindo a palavra ----> incendios
Inserindo a palavra ----> quantas
Inserindo a palavra ----> decorrencia
Inserindo a palavra ----> provocados
Inserindo a palavra ----> recarga
Inserindo a palavra ----> eletrica
Inserindo a palavra ----> uolrussia
Inserindo a palavra ----> isola
Inserindo a palavra ----> controlada
Inserindo a palavra ----> isolado
Inserindo a palavra ----> perigo
Inserindo a palavra ----> cercados
Inserindo a palavra ----> acessos
Inserindo a palavra ----> afins
Inserindo a palavra ----> esquecer
Inserindo a palavra ----> repetimos
Inserindo a palavra ----> exemplifica
Inserindo a palavra ----> racismo
Inserindo a palavra ----> revistas
Inserindo a palavra ----> detectores
Inserindo a palavra ----> scanners
Inserindo a palavra ----> perigoso
Inserindo a palavra ----> embarque
Inserindo a palavra ----> alarmes
Inserindo a palavra ----> vazamento
Inserindo a palavra ----> sigilosas
Inserindo a palavra ----> demitiu
Inserindo a palavra ----> vazado
Inserindo a palavra ----> chinesa
Inserindo a palavra ----> envolvia
Inserindo a palavra ----> fotografo
Inserindo a palavra ----> smartphones
Inserindo a palavra ----> p30
Inserindo a palavra ----> aparelho
Inserindo a palavra ----> evitando
Inserindo a palavra ----> borroes
Inserindo a palavra ----> fotografias
Inserindo a palavra ----> uolfacebook
Inserindo a palavra ----> coletou
Inserindo a palavra ----> contatos
Inserindo a palavra ----> bastasse
Inserindo a palavra ----> disseminacao
Inserindo a palavra ----> questionavel
Inserindo a palavra ----> coletado
Inserindo a palavra ----> holanda
Inserindo a palavra ----> hospedam
Inserindo a palavra ----> pedofilia
Inserindo a palavra ----> porcento
Inserindo a palavra ----> denunciadas
Inserindo a palavra ----> hospedada
Inserindo a palavra ----> uolrecebeu
Inserindo a palavra ----> pdf
Inserindo a palavra ----> armadilha
Inserindo a palavra ----> roubar
Inserindo a palavra ----> inofensivos
Inserindo a palavra ----> 47
Inserindo a palavra ----> saltou
Inserindo a palavra ----> 73
Inserindo a palavra ----> 491
Inserindo a palavra ----> sensacao
Inserindo a palavra ----> smartphone
Inserindo a palavra ----> tablet
Inserindo a palavra ----> conversas
Inserindo a palavra ----> digamos
Inserindo a palavra ----> passagens
Inserindo a palavra ----> aereas
Inserindo a palavra ----> previsivel
Inserindo a palavra ----> faceis
Inserindo a palavra ----> adivinhar
Inserindo a palavra ----> anonima
Inserindo a palavra ----> navegadores
Inserindo a palavra ----> privativa
Inserindo a palavra ----> salvos
Inserindo a palavra ----> salvou
Inserindo a palavra ----> consentimento
Inserindo a palavra ----> pornografia
Inserindo a palavra ----> conhecem
Inserindo a palavra ----> baixado
Inserindo a palavra ----> dancas
Inserindo a palavra ----> sincronia
Inserindo a palavra ----> labial
Inserindo a palavra ----> uolgrupo
Inserindo a palavra ----> ip
Inserindo a palavra ----> viram
Inserindo a palavra ----> driblar
Inserindo a palavra ----> assalto
Inserindo a palavra ----> baeta
Inserindo a palavra ----> sozinha
Inserindo a palavra ----> desconhecido
Inserindo a palavra ----> avisaram
Inserindo a palavra ----> vizinhanca
Inserindo a palavra ----> ligou
Inserindo a palavra ----> desesperada
Inserindo a palavra ----> mandando
Inserindo a palavra ----> trancar
Inserindo a palavra ----> costuma
Inserindo a palavra ----> desativou
Inserindo a palavra ----> engajar
Inserindo a palavra ----> descarte
Inserindo a palavra ----> 114
Inserindo a palavra ----> apressada
Inserindo a palavra ----> narrativa
Inserindo a palavra ----> testemunharia
Inserindo a palavra ----> estivesse
Inserindo a palavra ----> referencial
Inserindo a palavra ----> divino
Inserindo a palavra ----> destinatario
Inserindo a palavra ----> didatica
Inserindo a palavra ----> mencionados
Inserindo a palavra ----> respiravel
Inserindo a palavra ----> otimizacao
Inserindo a palavra ----> maupertuis
Inserindo a palavra ----> 1698
Inserindo a palavra ----> 1759
Inserindo a palavra ----> percebeu
Inserindo a palavra ----> implicacoes
Inserindo a palavra ----> fisicas
Inserindo a palavra ----> costumamos
Inserindo a palavra ----> expressar
Inserindo a palavra ----> diferencial
Inserindo a palavra ----> funcional
Inserindo a palavra ----> mostraram
Inserindo a palavra ----> equacoes
Inserindo a palavra ----> reproduzir
Inserindo a palavra ----> mecanica
Inserindo a palavra ----> newtoniana
Inserindo a palavra ----> geradas
Inserindo a palavra ----> obedecem
Inserindo a palavra ----> matematicos
Inserindo a palavra ----> avancada
Inserindo a palavra ----> eletromagnetismo
Inserindo a palavra ----> regem
Inserindo a palavra ----> relatividade
Inserindo a palavra ----> quantica
Inserindo a palavra ----> eletrodinamica
Inserindo a palavra ----> cordas
Inserindo a palavra ----> resumindo
Inserindo a palavra ----> deduzido
Inserindo a palavra ----> licoes
Inserindo a palavra ----> tiramos
Inserindo a palavra ----> diferenciais
Inserindo a palavra ----> ineficiente
Inserindo a palavra ----> isto
Inserindo a palavra ----> desnecessariamente
Inserindo a palavra ----> complexo
Inserindo a palavra ----> necessidades
Inserindo a palavra ----> inverter
Inserindo a palavra ----> notemos
Inserindo a palavra ----> regula
Inserindo a palavra ----> duracao
Inserindo a palavra ----> versos
Inserindo a palavra ----> velocidade
Inserindo a palavra ----> essencial
Inserindo a palavra ----> liquida
Inserindo a palavra ----> limpeza
Inserindo a palavra ----> marinhos
Inserindo a palavra ----> terraformacao
Inserindo a palavra ----> dele
Inserindo a palavra ----> evitada
Inserindo a palavra ----> ajustar
Inserindo a palavra ----> esperou
Inserindo a palavra ----> aposto
Inserindo a palavra ----> referem
Inserindo a palavra ----> visitei
Inserindo a palavra ----> isadora
Inserindo a palavra ----> herdou
Inserindo a palavra ----> mencionam
Inserindo a palavra ----> teriamos
Inserindo a palavra ----> destoa
Inserindo a palavra ----> perfeicao
Inserindo a palavra ----> meticulosidade
Inserindo a palavra ----> observamos
Inserindo a palavra ----> escalas
Inserindo a palavra ----> milagres
Inserindo a palavra ----> superficial
Inserindo a palavra ----> prestarmos
Inserindo a palavra ----> localmente
Inserindo a palavra ----> constatamos
Inserindo a palavra ----> existia
Inserindo a palavra ----> haja
Inserindo a palavra ----> forcarmos
Inserindo a palavra ----> instante
Inserindo a palavra ----> escrituristica
Inserindo a palavra ----> lacrar
Inserindo a palavra ----> requentando
Inserindo a palavra ----> velhos
Inserindo a palavra ----> nectar
Inserindo a palavra ----> zumbido
Inserindo a palavra ----> dragao
Inserindo a palavra ----> baleia
Inserindo a palavra ----> 373
Inserindo a palavra ----> 39
Inserindo a palavra ----> 49
Inserindo a palavra ----> 34
Inserindo a palavra ----> 547
Inserindo a palavra ----> 54
Inserindo a palavra ----> 52
Inserindo a palavra ----> 46
Inserindo a palavra ----> 654
Inserindo a palavra ----> 61
Inserindo a palavra ----> 63
Inserindo a palavra ----> 66
Inserindo a palavra ----> 65
Inserindo a palavra ----> 619
Inserindo a palavra ----> 57
Inserindo a palavra ----> 58
Inserindo a palavra ----> 675
Inserindo a palavra ----> 36
Inserindo a palavra ----> 56
Inserindo a palavra ----> 71
Inserindo a palavra ----> 64
Inserindo a palavra ----> 732
Inserindo a palavra ----> 77
Inserindo a palavra ----> 802
Inserindo a palavra ----> 51
Inserindo a palavra ----> 82
Inserindo a palavra ----> 884
Inserindo a palavra ----> 75
Inserindo a palavra ----> 92
Inserindo a palavra ----> 84
Inserindo a palavra ----> 74
Inserindo a palavra ----> 79
Inserindo a palavra ----> 856
Inserindo a palavra ----> 68
Inserindo a palavra ----> 76
Inserindo a palavra ----> 69
Inserindo a palavra ----> 83
Inserindo a palavra ----> 1119
Inserindo a palavra ----> 96
Inserindo a palavra ----> 88
Inserindo a palavra ----> 642
Inserindo a palavra ----> 2007
Inserindo a palavra ----> 2006
Inserindo a palavra ----> scbmensagem
Inserindo a palavra ----> socios
Inserindo a palavra ----> nucleos
Inserindo a palavra ----> educacional
Inserindo a palavra ----> maringaense
Inserindo a palavra ----> continuada
Inserindo a palavra ----> periodicos
Inserindo a palavra ----> revisoes
Inserindo a palavra ----> bibliograficas
Inserindo a palavra ----> newton
Inserindo a palavra ----> boletim
Inserindo a palavra ----> apoiados
Inserindo a palavra ----> ep
Inserindo a palavra ----> t01
Inserindo a palavra ----> scbfilosofia
