Inserindo a palavra ----> fala
Inserindo a palavra ----> mourao
Inserindo a palavra ----> crise
Inserindo a palavra ----> assunto
Inserindo a palavra ----> 07
Inserindo a palavra ----> 03
Inserindo a palavra ----> folha
Inserindo a palavra ----> assine
Inserindo a palavra ----> ir
Inserindo a palavra ----> menu
Inserindo a palavra ----> rodape
Inserindo a palavra ----> entrar
Inserindo a palavra ----> governo
Inserindo a palavra ----> lava
Inserindo a palavra ----> jato
Inserindo a palavra ----> legislativo
Inserindo a palavra ----> paulista
Inserindo a palavra ----> entrevista
Inserindo a palavra ----> agencia
Inserindo a palavra ----> lupa
Inserindo a palavra ----> piaui
Inserindo a palavra ----> copiar
Inserindo a palavra ----> link
Inserindo a palavra ----> busca
Inserindo a palavra ----> ultimas
Inserindo a palavra ----> gostaria
Inserindo a palavra ----> editar
Inserindo a palavra ----> perfil
Inserindo a palavra ----> senha
Inserindo a palavra ----> newsletter
Inserindo a palavra ----> assinatura
Inserindo a palavra ----> edicao
Inserindo a palavra ----> impressa
Inserindo a palavra ----> charges
Inserindo a palavra ----> tendencias
Inserindo a palavra ----> debates
Inserindo a palavra ----> colunas
Inserindo a palavra ----> populares
Inserindo a palavra ----> lidas
Inserindo a palavra ----> comentadas
Inserindo a palavra ----> acervo
Inserindo a palavra ----> 50
Inserindo a palavra ----> saiu
Inserindo a palavra ----> np
Inserindo a palavra ----> painel
Inserindo a palavra ----> delta
Inserindo a palavra ----> mercado
Inserindo a palavra ----> cifras
Inserindo a palavra ----> calculadoras
Inserindo a palavra ----> previdencia
Inserindo a palavra ----> folhainvest
Inserindo a palavra ----> imposto
Inserindo a palavra ----> renda
Inserindo a palavra ----> vaivem
Inserindo a palavra ----> legal
Inserindo a palavra ----> verao
Inserindo a palavra ----> febre
Inserindo a palavra ----> amarela
Inserindo a palavra ----> rio
Inserindo a palavra ----> loterias
Inserindo a palavra ----> dias
Inserindo a palavra ----> melhores
Inserindo a palavra ----> coreia
Inserindo a palavra ----> norte
Inserindo a palavra ----> venezuela
Inserindo a palavra ----> portugal
Inserindo a palavra ----> esporte
Inserindo a palavra ----> campeonato
Inserindo a palavra ----> brasileiro
Inserindo a palavra ----> futebol
Inserindo a palavra ----> ilustrada
Inserindo a palavra ----> monica
Inserindo a palavra ----> bergamo
Inserindo a palavra ----> quadrinhos
Inserindo a palavra ----> comida
Inserindo a palavra ----> letras
Inserindo a palavra ----> ilustrissima
Inserindo a palavra ----> bichos
Inserindo a palavra ----> celebridades
Inserindo a palavra ----> horoscopo
Inserindo a palavra ----> viu
Inserindo a palavra ----> televisao
Inserindo a palavra ----> guia
Inserindo a palavra ----> equilibrio
Inserindo a palavra ----> turismo
Inserindo a palavra ----> especiais
Inserindo a palavra ----> seminarios
Inserindo a palavra ----> empreendedor
Inserindo a palavra ----> top
Inserindo a palavra ----> viaja
Inserindo a palavra ----> estradas
Inserindo a palavra ----> descubra
Inserindo a palavra ----> melhor
Inserindo a palavra ----> fotografia
Inserindo a palavra ----> tv
Inserindo a palavra ----> parceiros
Inserindo a palavra ----> bbc
Inserindo a palavra ----> financial
Inserindo a palavra ----> latino
Inserindo a palavra ----> america
Inserindo a palavra ----> nova
Inserindo a palavra ----> radio
Inserindo a palavra ----> wall
Inserindo a palavra ----> washington
Inserindo a palavra ----> post
Inserindo a palavra ----> carreiras
Inserindo a palavra ----> morar
Inserindo a palavra ----> rodas
Inserindo a palavra ----> pratica
Inserindo a palavra ----> secoes
Inserindo a palavra ----> mapas
Inserindo a palavra ----> transparencia
Inserindo a palavra ----> mapa
Inserindo a palavra ----> site
Inserindo a palavra ----> classificados
Inserindo a palavra ----> fale
Inserindo a palavra ----> anuncie
Inserindo a palavra ----> atendimento
Inserindo a palavra ----> assinante
Inserindo a palavra ----> erramos
Inserindo a palavra ----> ombudsman
Inserindo a palavra ----> grupo
Inserindo a palavra ----> expediente
Inserindo a palavra ----> privacidade
Inserindo a palavra ----> projeto
Inserindo a palavra ----> treinamento
Inserindo a palavra ----> trabalhe
Inserindo a palavra ----> contraste
Inserindo a palavra ----> escuro
Inserindo a palavra ----> edicoes
Inserindo a palavra ----> eng
Inserindo a palavra ----> siga
Inserindo a palavra ----> externo
Inserindo a palavra ----> abre
Inserindo a palavra ----> pagina
Inserindo a palavra ----> rss
Inserindo a palavra ----> icone
Inserindo a palavra ----> fechar
Inserindo a palavra ----> descricao
Inserindo a palavra ----> chapeu
Inserindo a palavra ----> ala
Inserindo a palavra ----> militar
Inserindo a palavra ----> gostou
Inserindo a palavra ----> associada
Inserindo a palavra ----> tuite
Inserindo a palavra ----> video
Inserindo a palavra ----> obsceno
Inserindo a palavra ----> carnaval
Inserindo a palavra ----> 7
Inserindo a palavra ----> mar
Inserindo a palavra ----> 16h36
Inserindo a palavra ----> ouvir
Inserindo a palavra ----> igor
Inserindo a palavra ----> jair
Inserindo a palavra ----> trazendo
Inserindo a palavra ----> armadas
Inserindo a palavra ----> contexto
Inserindo a palavra ----> desagradou
Inserindo a palavra ----> buscou
Inserindo a palavra ----> desta
Inserindo a palavra ----> panos
Inserindo a palavra ----> quentes
Inserindo a palavra ----> situacao
Inserindo a palavra ----> comentario
Inserindo a palavra ----> vice
Inserindo a palavra ----> general
Inserindo a palavra ----> hamilton
Inserindo a palavra ----> chega
Inserindo a palavra ----> gabinete
Inserindo a palavra ----> presidencia
Inserindo a palavra ----> tarde
Inserindo a palavra ----> quinta
Inserindo a palavra ----> 6
Inserindo a palavra ----> pedro
Inserindo a palavra ----> ladeira
Inserindo a palavra ----> realidade
Inserindo a palavra ----> manifestacao
Inserindo a palavra ----> militares
Inserindo a palavra ----> buscam
Inserindo a palavra ----> interna
Inserindo a palavra ----> instituicao
Inserindo a palavra ----> serao
Inserindo a palavra ----> sucedidos
Inserindo a palavra ----> depender
Inserindo a palavra ----> evolucao
Inserindo a palavra ----> inflexao
Inserindo a palavra ----> relacao
Inserindo a palavra ----> capitao
Inserindo a palavra ----> reformado
Inserindo a palavra ----> generais
Inserindo a palavra ----> cercou
Inserindo a palavra ----> apurou
Inserindo a palavra ----> cupula
Inserindo a palavra ----> ativa
Inserindo a palavra ----> concorda
Inserindo a palavra ----> frase
Inserindo a palavra ----> rejeitaram
Inserindo a palavra ----> respectiva
Inserindo a palavra ----> forca
Inserindo a palavra ----> armada
Inserindo a palavra ----> insinuacao
Inserindo a palavra ----> tutela
Inserindo a palavra ----> justamente
Inserindo a palavra ----> feita
Inserindo a palavra ----> esquerda
Inserindo a palavra ----> discurso
Inserindo a palavra ----> comando
Inserindo a palavra ----> comentou
Inserindo a palavra ----> lembrando
Inserindo a palavra ----> despedida
Inserindo a palavra ----> americanas
Inserindo a palavra ----> preza
Inserindo a palavra ----> garantidor
Inserindo a palavra ----> periodo
Inserindo a palavra ----> missao
Inserindo a palavra ----> cumprida
Inserindo a palavra ----> amam
Inserindo a palavra ----> patria
Inserindo a palavra ----> respeitam
Inserindo a palavra ----> familia
Inserindo a palavra ----> querem
Inserindo a palavra ----> aproximacao
Inserindo a palavra ----> paises
Inserindo a palavra ----> ideologia
Inserindo a palavra ----> almirante
Inserindo a palavra ----> empacotar
Inserindo a palavra ----> prontas
Inserindo a palavra ----> combater
Inserindo a palavra ----> dissenso
Inserindo a palavra ----> considera
Inserindo a palavra ----> adversarios
Inserindo a palavra ----> postagens
Inserindo a palavra ----> notoriamente
Inserindo a palavra ----> controladas
Inserindo a palavra ----> carlos
Inserindo a palavra ----> assessores
Inserindo a palavra ----> pessoalmente
Inserindo a palavra ----> infeliz
Inserindo a palavra ----> colocacao
Inserindo a palavra ----> campanha
Inserindo a palavra ----> eleitoral
Inserindo a palavra ----> entorno
Inserindo a palavra ----> batem
Inserindo a palavra ----> estilo
Inserindo a palavra ----> consideram
Inserindo a palavra ----> impulsivo
Inserindo a palavra ----> demais
Inserindo a palavra ----> influencia
Inserindo a palavra ----> familiar
Inserindo a palavra ----> notadamente
Inserindo a palavra ----> vereador
Inserindo a palavra ----> carioca
Inserindo a palavra ----> deputado
Inserindo a palavra ----> federal
Inserindo a palavra ----> eduardo
Inserindo a palavra ----> senador
Inserindo a palavra ----> flavio
Inserindo a palavra ----> englobe
Inserindo a palavra ----> diversas
Inserindo a palavra ----> faccoes
Inserindo a palavra ----> divergentes
Inserindo a palavra ----> convergencia
Inserindo a palavra ----> votos
Inserindo a palavra ----> chapa
Inserindo a palavra ----> indemissivel
Inserindo a palavra ----> recados
Inserindo a palavra ----> reservada
Inserindo a palavra ----> voluntarismo
Inserindo a palavra ----> itamaraty
Inserindo a palavra ----> chefiado
Inserindo a palavra ----> ernesto
Inserindo a palavra ----> araujo
Inserindo a palavra ----> protegido
Inserindo a palavra ----> indicado
Inserindo a palavra ----> ideologo
Inserindo a palavra ----> olavo
Inserindo a palavra ----> demoveu
Inserindo a palavra ----> mudanca
Inserindo a palavra ----> embaixada
Inserindo a palavra ----> israel
Inserindo a palavra ----> assumiu
Inserindo a palavra ----> negociacoes
Inserindo a palavra ----> afastando
Inserindo a palavra ----> especulacoes
Inserindo a palavra ----> acao
Inserindo a palavra ----> troca
Inserindo a palavra ----> farpas
Inserindo a palavra ----> publicas
Inserindo a palavra ----> internamente
Inserindo a palavra ----> ouve
Inserindo a palavra ----> nomes
Inserindo a palavra ----> reserva
Inserindo a palavra ----> augusto
Inserindo a palavra ----> heleno
Inserindo a palavra ----> institucional
Inserindo a palavra ----> alberto
Inserindo a palavra ----> cruz
Inserindo a palavra ----> secretaria
Inserindo a palavra ----> floriano
Inserindo a palavra ----> peixoto
Inserindo a palavra ----> nucleo
Inserindo a palavra ----> planalto
Inserindo a palavra ----> reforcado
Inserindo a palavra ----> rego
Inserindo a palavra ----> barros
Inserindo a palavra ----> porta
Inserindo a palavra ----> mantinha
Inserindo a palavra ----> atos
Inserindo a palavra ----> obscenos
Inserindo a palavra ----> publicos
Inserindo a palavra ----> mandatario
Inserindo a palavra ----> afirmava
Inserindo a palavra ----> postagem
Inserindo a palavra ----> implicava
Inserindo a palavra ----> repercute
Inserindo a palavra ----> seta
Inserindo a palavra ----> direita
Inserindo a palavra ----> leia
Inserindo a palavra ----> voltar
Inserindo a palavra ----> compartilhe
Inserindo a palavra ----> whatsapp
Inserindo a palavra ----> messenger
Inserindo a palavra ----> envelope
Inserindo a palavra ----> mail
Inserindo a palavra ----> cadeado
Inserindo a palavra ----> representando
Inserindo a palavra ----> relacionados
Inserindo a palavra ----> envie
Inserindo a palavra ----> endereco
Inserindo a palavra ----> uol
Inserindo a palavra ----> br
Inserindo a palavra ----> comentarios
Inserindo a palavra ----> representam
Inserindo a palavra ----> jornal
Inserindo a palavra ----> condicoes
Inserindo a palavra ----> comente
Inserindo a palavra ----> assinantes
Inserindo a palavra ----> relacionadas
Inserindo a palavra ----> procuradoria
Inserindo a palavra ----> ve
Inserindo a palavra ----> indicio
Inserindo a palavra ----> caixa
Inserindo a palavra ----> acusacao
Inserindo a palavra ----> ministro
Inserindo a palavra ----> mal
Inserindo a palavra ----> interpretada
Inserindo a palavra ----> defesa
Inserindo a palavra ----> bate
Inserindo a palavra ----> entenda
Inserindo a palavra ----> polemica
Inserindo a palavra ----> newsletters
Inserindo a palavra ----> veja
Inserindo a palavra ----> gestao
Inserindo a palavra ----> fique
Inserindo a palavra ----> datafolha
Inserindo a palavra ----> otimismo
Inserindo a palavra ----> congresso
Inserindo a palavra ----> ultimos
Inserindo a palavra ----> icms
Inserindo a palavra ----> aviacao
Inserindo a palavra ----> trara
Inserindo a palavra ----> turistas
Inserindo a palavra ----> divulga
Inserindo a palavra ----> foto
Inserindo a palavra ----> idosa
Inserindo a palavra ----> morta
Inserindo a palavra ----> neto
Inserindo a palavra ----> avo
Inserindo a palavra ----> orgulhosissima
Inserindo a palavra ----> piadas
Inserindo a palavra ----> alvo
Inserindo a palavra ----> revolta
Inserindo a palavra ----> risos
Inserindo a palavra ----> bullying
Inserindo a palavra ----> japoneses
Inserindo a palavra ----> stf
Inserindo a palavra ----> combinam
Inserindo a palavra ----> assinar
Inserindo a palavra ----> pacto
Inserindo a palavra ----> protestos
Inserindo a palavra ----> manter
Inserindo a palavra ----> ministerio
Inserindo a palavra ----> justica
Inserindo a palavra ----> afirma
Inserindo a palavra ----> moro
Inserindo a palavra ----> pf
Inserindo a palavra ----> cumpre
Inserindo a palavra ----> mandados
Inserindo a palavra ----> prisao
Inserindo a palavra ----> ex
Inserindo a palavra ----> gerentes
Inserindo a palavra ----> bradesco
Inserindo a palavra ----> atuaram
Inserindo a palavra ----> doleiros
Inserindo a palavra ----> lisboa
Inserindo a palavra ----> calculo
Inserindo a palavra ----> politico
Inserindo a palavra ----> 28
Inserindo a palavra ----> mai
Inserindo a palavra ----> 15h19
Inserindo a palavra ----> esboco
Inserindo a palavra ----> documento
Inserindo a palavra ----> destaca
Inserindo a palavra ----> reformas
Inserindo a palavra ----> previdenciaria
Inserindo a palavra ----> tributaria
Inserindo a palavra ----> 10h24
Inserindo a palavra ----> maia
Inserindo a palavra ----> guedes
Inserindo a palavra ----> articulam
Inserindo a palavra ----> reduz
Inserindo a palavra ----> jornada
Inserindo a palavra ----> cortar
Inserindo a palavra ----> gastos
Inserindo a palavra ----> propostas
Inserindo a palavra ----> apresentadas
Inserindo a palavra ----> deputados
Inserindo a palavra ----> alteram
Inserindo a palavra ----> lei
Inserindo a palavra ----> greve
Inserindo a palavra ----> ouro
Inserindo a palavra ----> 13h46
Inserindo a palavra ----> clube
Inserindo a palavra ----> editorias
Inserindo a palavra ----> aeroportos
Inserindo a palavra ----> mortes
Inserindo a palavra ----> praias
Inserindo a palavra ----> eventos
Inserindo a palavra ----> audiencia
Inserindo a palavra ----> vistas
Inserindo a palavra ----> 204
Inserindo a palavra ----> 579
Inserindo a palavra ----> 278
Inserindo a palavra ----> total
Inserindo a palavra ----> visualizadas
Inserindo a palavra ----> abr
Inserindo a palavra ----> visitantes
Inserindo a palavra ----> unicos
Inserindo a palavra ----> 27
Inserindo a palavra ----> 906
Inserindo a palavra ----> 536
Inserindo a palavra ----> redacao
Inserindo a palavra ----> trust
Inserindo a palavra ----> integra
Inserindo a palavra ----> copyright
Inserindo a palavra ----> direitos
Inserindo a palavra ----> reservados
Inserindo a palavra ----> proibida
Inserindo a palavra ----> reproducao
Inserindo a palavra ----> eletronico
Inserindo a palavra ----> impresso
Inserindo a palavra ----> autorizacao
Inserindo a palavra ----> escrita
Inserindo a palavra ----> alerta
Inserindo a palavra ----> favor
Inserindo a palavra ----> selecione
Inserindo a palavra ----> opcoes
Inserindo a palavra ----> dicas
Inserindo a palavra ----> editor
Inserindo a palavra ----> brasilia
Inserindo a palavra ----> curtir
Inserindo a palavra ----> sp
Inserindo a palavra ----> produtos
Inserindo a palavra ----> ofertas
Inserindo a palavra ----> cancelar
Inserindo a palavra ----> cadastrado
Inserindo a palavra ----> ok
Inserindo a palavra ----> faz
Inserindo a palavra ----> apelo
Inserindo a palavra ----> senado
Inserindo a palavra ----> aprovar
Inserindo a palavra ----> enviou
Inserindo a palavra ----> perder
Inserindo a palavra ----> 17h02
Inserindo a palavra ----> cliente
Inserindo a palavra ----> divida
Inserindo a palavra ----> vista
Inserindo a palavra ----> desconto
Inserindo a palavra ----> 90
Inserindo a palavra ----> 05
Inserindo a palavra ----> economia
Inserindo a palavra ----> host
Inserindo a palavra ----> pagbankpagsegurocursos
Inserindo a palavra ----> email
Inserindo a palavra ----> planos
Inserindo a palavra ----> assistencia
Inserindo a palavra ----> tecnica
Inserindo a palavra ----> banca
Inserindo a palavra ----> livros
Inserindo a palavra ----> resolve
Inserindo a palavra ----> loja
Inserindo a palavra ----> jogos
Inserindo a palavra ----> dieta
Inserindo a palavra ----> fi
Inserindo a palavra ----> 4003
Inserindo a palavra ----> 6118
Inserindo a palavra ----> capitais
Inserindo a palavra ----> 0800
Inserindo a palavra ----> 703
Inserindo a palavra ----> 3000
Inserindo a palavra ----> localidades
Inserindo a palavra ----> emails
Inserindo a palavra ----> protegidos
Inserindo a palavra ----> exclusivo
Inserindo a palavra ----> papo
Inserindo a palavra ----> principal
Inserindo a palavra ----> amizade
Inserindo a palavra ----> namoro
Inserindo a palavra ----> sexo
Inserindo a palavra ----> cidades
Inserindo a palavra ----> salas
Inserindo a palavra ----> boas
Inserindo a palavra ----> confere
Inserindo a palavra ----> mega
Inserindo a palavra ----> sena
Inserindo a palavra ----> quina
Inserindo a palavra ----> lotomania
Inserindo a palavra ----> carros
Inserindo a palavra ----> motos
Inserindo a palavra ----> segredos
Inserindo a palavra ----> automovel
Inserindo a palavra ----> testes
Inserindo a palavra ----> lancamentos
Inserindo a palavra ----> agronegocio
Inserindo a palavra ----> cotacoes
Inserindo a palavra ----> empreendedorismo
Inserindo a palavra ----> financas
Inserindo a palavra ----> empregos
Inserindo a palavra ----> reforma
Inserindo a palavra ----> lideres
Inserindo a palavra ----> marketing
Inserindo a palavra ----> dolar
Inserindo a palavra ----> euro
Inserindo a palavra ----> moedas
Inserindo a palavra ----> bolsas
Inserindo a palavra ----> valores
Inserindo a palavra ----> download
Inserindo a palavra ----> duvidas
Inserindo a palavra ----> gols
Inserindo a palavra ----> rodada
Inserindo a palavra ----> bola
Inserindo a palavra ----> brasileirao
Inserindo a palavra ----> libertadores
Inserindo a palavra ----> copa
Inserindo a palavra ----> campeonatos
Inserindo a palavra ----> esportes
Inserindo a palavra ----> mma
Inserindo a palavra ----> formula
Inserindo a palavra ----> basquete
Inserindo a palavra ----> volei
Inserindo a palavra ----> tenis
Inserindo a palavra ----> reportagens
Inserindo a palavra ----> atletico
Inserindo a palavra ----> mg
Inserindo a palavra ----> avai
Inserindo a palavra ----> bahia
Inserindo a palavra ----> botafogo
Inserindo a palavra ----> ceara
Inserindo a palavra ----> chapecoense
Inserindo a palavra ----> corinthians
Inserindo a palavra ----> coritiba
Inserindo a palavra ----> cruzeiro
Inserindo a palavra ----> flamengo
Inserindo a palavra ----> fluminense
Inserindo a palavra ----> fortaleza
Inserindo a palavra ----> gremio
Inserindo a palavra ----> goias
Inserindo a palavra ----> palmeiras
Inserindo a palavra ----> sport
Inserindo a palavra ----> vasco
Inserindo a palavra ----> liga
Inserindo a palavra ----> campeoes
Inserindo a palavra ----> nacoes
Inserindo a palavra ----> premier
Inserindo a palavra ----> nba
Inserindo a palavra ----> bastidores
Inserindo a palavra ----> filmes
Inserindo a palavra ----> series
Inserindo a palavra ----> musica
Inserindo a palavra ----> teatro
Inserindo a palavra ----> musicais
Inserindo a palavra ----> famosos
Inserindo a palavra ----> novelas
Inserindo a palavra ----> shows
Inserindo a palavra ----> chico
Inserindo a palavra ----> cristina
Inserindo a palavra ----> padiglione
Inserindo a palavra ----> mauricio
Inserindo a palavra ----> nilson
Inserindo a palavra ----> xavier
Inserindo a palavra ----> ricardo
Inserindo a palavra ----> dona
Inserindo a palavra ----> pedaco
Inserindo a palavra ----> aventuras
Inserindo a palavra ----> poliana
Inserindo a palavra ----> malhacao
Inserindo a palavra ----> orfaos
Inserindo a palavra ----> terra
Inserindo a palavra ----> universa
Inserindo a palavra ----> transforma
Inserindo a palavra ----> inspira
Inserindo a palavra ----> 10
Inserindo a palavra ----> perguntas
Inserindo a palavra ----> autoestima
Inserindo a palavra ----> mulher
Inserindo a palavra ----> diversidade
Inserindo a palavra ----> violencia
Inserindo a palavra ----> poderosa
Inserindo a palavra ----> beleza
Inserindo a palavra ----> casa
Inserindo a palavra ----> decoracao
Inserindo a palavra ----> moda
Inserindo a palavra ----> mulheres
Inserindo a palavra ----> inspiradoras
Inserindo a palavra ----> relacionamentos
Inserindo a palavra ----> fofuras
Inserindo a palavra ----> experimenta
Inserindo a palavra ----> viva
Inserindo a palavra ----> alimentacao
Inserindo a palavra ----> longevidade
Inserindo a palavra ----> movimento
Inserindo a palavra ----> redacoes
Inserindo a palavra ----> dicionarios
Inserindo a palavra ----> enem
Inserindo a palavra ----> escolar
Inserindo a palavra ----> aula
Inserindo a palavra ----> simulados
Inserindo a palavra ----> vestibular
Inserindo a palavra ----> atualidades
Inserindo a palavra ----> biografias
Inserindo a palavra ----> biologia
Inserindo a palavra ----> geografia
Inserindo a palavra ----> matematica
Inserindo a palavra ----> quimica
Inserindo a palavra ----> temas
Inserindo a palavra ----> cursos
Inserindo a palavra ----> pos
Inserindo a palavra ----> graduacao
Inserindo a palavra ----> profissionalizantes
Inserindo a palavra ----> preparatorio
Inserindo a palavra ----> oab
Inserindo a palavra ----> videos
Inserindo a palavra ----> programas
Inserindo a palavra ----> humor
Inserindo a palavra ----> receitas
Inserindo a palavra ----> duelo
Inserindo a palavra ----> minuto
Inserindo a palavra ----> tab
Inserindo a palavra ----> viagem
Inserindo a palavra ----> 0000
Inserindo a palavra ----> antonio
Inserindo a palavra ----> 28t1134252019
Inserindo a palavra ----> 28t12304628
Inserindo a palavra ----> 11h34atualizada
Inserindo a palavra ----> 12h30
Inserindo a palavra ----> lanca
Inserindo a palavra ----> renegociacao
Inserindo a palavra ----> dividas
Inserindo a palavra ----> atrasos
Inserindo a palavra ----> superiores
Inserindo a palavra ----> 360
Inserindo a palavra ----> oferecera
Inserindo a palavra ----> descontos
Inserindo a palavra ----> variam
Inserindo a palavra ----> 40
Inserindo a palavra ----> pagamentos
Inserindo a palavra ----> beneficiara
Inserindo a palavra ----> milhoes
Inserindo a palavra ----> clientes
Inserindo a palavra ----> 92
Inserindo a palavra ----> poderao
Inserindo a palavra ----> quitar
Inserindo a palavra ----> debitos
Inserindo a palavra ----> inferiores
Inserindo a palavra ----> 000
Inserindo a palavra ----> 320
Inserindo a palavra ----> mil
Inserindo a palavra ----> 65
Inserindo a palavra ----> pagarao
Inserindo a palavra ----> 5
Inserindo a palavra ----> credito
Inserindo a palavra ----> juro
Inserindo a palavra ----> ipca
Inserindo a palavra ----> bancos
Inserindo a palavra ----> concentram
Inserindo a palavra ----> 80
Inserindo a palavra ----> depositos
Inserindo a palavra ----> emprestimos
Inserindo a palavra ----> bc
Inserindo a palavra ----> amplia
Inserindo a palavra ----> caminhoes
Inserindo a palavra ----> criticar
Inserindo a palavra ----> similar
Inserindo a palavra ----> pt
Inserindo a palavra ----> duracao
Inserindo a palavra ----> farao
Inserindo a palavra ----> telefone
Inserindo a palavra ----> 726
Inserindo a palavra ----> 8068
Inserindo a palavra ----> opcao
Inserindo a palavra ----> 8
Inserindo a palavra ----> conseguirao
Inserindo a palavra ----> boletos
Inserindo a palavra ----> financeira
Inserindo a palavra ----> levara
Inserindo a palavra ----> cinco
Inserindo a palavra ----> estrutura
Inserindo a palavra ----> receberao
Inserindo a palavra ----> celulares
Inserindo a palavra ----> rastrear
Inserindo a palavra ----> veiculo
Inserindo a palavra ----> roubo
Inserindo a palavra ----> celular
Inserindo a palavra ----> dispositivo
Inserindo a palavra ----> gps
Inserindo a palavra ----> 48
Inserindo a palavra ----> estoque
Inserindo a palavra ----> consiga
Inserindo a palavra ----> incrivel
Inserindo a palavra ----> 999
Inserindo a palavra ----> oficial
Inserindo a palavra ----> rastreamento
Inserindo a palavra ----> bolsos
Inserindo a palavra ----> veiculos
Inserindo a palavra ----> ano
Inserindo a palavra ----> avanca
Inserindo a palavra ----> dificultar
Inserindo a palavra ----> ladroes
Inserindo a palavra ----> vamos
Inserindo a palavra ----> instalacao
Inserindo a palavra ----> proporciona
Inserindo a palavra ----> efetivo
Inserindo a palavra ----> discreto
Inserindo a palavra ----> tamanho
Inserindo a palavra ----> moeda
Inserindo a palavra ----> revolucionando
Inserindo a palavra ----> lancada
Inserindo a palavra ----> finalmente
Inserindo a palavra ----> disposicao
Inserindo a palavra ----> rebeliao
Inserindo a palavra ----> manaus
Inserindo a palavra ----> disputa
Inserindo a palavra ----> faccao
Inserindo a palavra ----> criminosa
Inserindo a palavra ----> massacre
Inserindo a palavra ----> presidios
Inserindo a palavra ----> entretenimento
Inserindo a palavra ----> fotos
Inserindo a palavra ----> listas
Inserindo a palavra ----> concursos
Inserindo a palavra ----> combinacao
Inserindo a palavra ----> astral
Inserindo a palavra ----> autoatendimento
Inserindo a palavra ----> cinema
Inserindo a palavra ----> games
Inserindo a palavra ----> lgbt
Inserindo a palavra ----> uni
Inserindo a palavra ----> leandro
Inserindo a palavra ----> machado
Inserindo a palavra ----> 28t16051628
Inserindo a palavra ----> 16h05
Inserindo a palavra ----> quadrilha
Inserindo a palavra ----> ameaca
Inserindo a palavra ----> ruas
Inserindo a palavra ----> territorio
Inserindo a palavra ----> superlotados
Inserindo a palavra ----> criminosos
Inserindo a palavra ----> disputas
Inserindo a palavra ----> cenario
Inserindo a palavra ----> enfrentado
Inserindo a palavra ----> regioes
Inserindo a palavra ----> dinamica
Inserindo a palavra ----> violentos
Inserindo a palavra ----> causado
Inserindo a palavra ----> massacres
Inserindo a palavra ----> ocorrido
Inserindo a palavra ----> domingo
Inserindo a palavra ----> detentos
Inserindo a palavra ----> encontrados
Inserindo a palavra ----> mortos
Inserindo a palavra ----> quatro
Inserindo a palavra ----> unidades
Inserindo a palavra ----> sistema
Inserindo a palavra ----> prisional
Inserindo a palavra ----> soma
Inserindo a palavra ----> presidio
Inserindo a palavra ----> amazonense
Inserindo a palavra ----> governador
Inserindo a palavra ----> wilson
Inserindo a palavra ----> lima
Inserindo a palavra ----> psc
Inserindo a palavra ----> motivadas
Inserindo a palavra ----> liderancas
Inserindo a palavra ----> ruptura
Inserindo a palavra ----> homicidios
Inserindo a palavra ----> ascensao
Inserindo a palavra ----> soldados
Inserindo a palavra ----> paraiba
Inserindo a palavra ----> decreto
Inserindo a palavra ----> libera
Inserindo a palavra ----> compra
Inserindo a palavra ----> municoes
Inserindo a palavra ----> armas
Inserindo a palavra ----> presos
Inserindo a palavra ----> ze
Inserindo a palavra ----> roberto
Inserindo a palavra ----> compensa
Inserindo a palavra ----> chefes
Inserindo a palavra ----> teriam
Inserindo a palavra ----> atacado
Inserindo a palavra ----> joao
Inserindo a palavra ----> pinto
Inserindo a palavra ----> branco
Inserindo a palavra ----> eram
Inserindo a palavra ----> comandantes
Inserindo a palavra ----> tida
Inserindo a palavra ----> terceira
Inserindo a palavra ----> atras
Inserindo a palavra ----> vermelho
Inserindo a palavra ----> cv
Inserindo a palavra ----> 2006
Inserindo a palavra ----> controlar
Inserindo a palavra ----> comercio
Inserindo a palavra ----> drogas
Inserindo a palavra ----> trafico
Inserindo a palavra ----> estrategica
Inserindo a palavra ----> escoamento
Inserindo a palavra ----> europa
Inserindo a palavra ----> rota
Inserindo a palavra ----> transporte
Inserindo a palavra ----> vizinhos
Inserindo a palavra ----> colombia
Inserindo a palavra ----> peru
Inserindo a palavra ----> fortaleceu
Inserindo a palavra ----> raizes
Inserindo a palavra ----> integrantes
Inserindo a palavra ----> perceberam
Inserindo a palavra ----> perigosos
Inserindo a palavra ----> transferidos
Inserindo a palavra ----> federais
Inserindo a palavra ----> conheceram
Inserindo a palavra ----> voltaram
Inserindo a palavra ----> criaram
Inserindo a palavra ----> contrapor
Inserindo a palavra ----> presenca
Inserindo a palavra ----> italo
Inserindo a palavra ----> pesquisador
Inserindo a palavra ----> ufc
Inserindo a palavra ----> estudioso
Inserindo a palavra ----> sigla
Inserindo a palavra ----> inicialmente
Inserindo a palavra ----> formada
Inserindo a palavra ----> traficantes
Inserindo a palavra ----> atuavam
Inserindo a palavra ----> tidos
Inserindo a palavra ----> triplice
Inserindo a palavra ----> fronteira
Inserindo a palavra ----> produtores
Inserindo a palavra ----> chamadas
Inserindo a palavra ----> mulas
Inserindo a palavra ----> transportar
Inserindo a palavra ----> droga
Inserindo a palavra ----> operacao
Inserindo a palavra ----> muralha
Inserindo a palavra ----> policia
Inserindo a palavra ----> descobriu
Inserindo a palavra ----> movimentava
Inserindo a palavra ----> reais
Inserindo a palavra ----> transportando
Inserindo a palavra ----> solimoes
Inserindo a palavra ----> afluentes
Inserindo a palavra ----> carregamentos
Inserindo a palavra ----> abastece
Inserindo a palavra ----> vendida
Inserindo a palavra ----> rua
Inserindo a palavra ----> quadrilhas
Inserindo a palavra ----> elo
Inserindo a palavra ----> fraco
Inserindo a palavra ----> luiz
Inserindo a palavra ----> fabio
Inserindo a palavra ----> paiva
Inserindo a palavra ----> professor
Inserindo a palavra ----> sociologia
Inserindo a palavra ----> normalmente
Inserindo a palavra ----> presas
Inserindo a palavra ----> altamente
Inserindo a palavra ----> descartaveis
Inserindo a palavra ----> diversificou
Inserindo a palavra ----> mercadoria
Inserindo a palavra ----> verifica
Inserindo a palavra ----> rotas
Inserindo a palavra ----> adaptadas
Inserindo a palavra ----> descobertas
Inserindo a palavra ----> amazonas
Inserindo a palavra ----> atua
Inserindo a palavra ----> diminuido
Inserindo a palavra ----> consorcio
Inserindo a palavra ----> crime
Inserindo a palavra ----> protagonizou
Inserindo a palavra ----> 56
Inserindo a palavra ----> penitenciario
Inserindo a palavra ----> anisio
Inserindo a palavra ----> jobim
Inserindo a palavra ----> assassinados
Inserindo a palavra ----> membros
Inserindo a palavra ----> nisia
Inserindo a palavra ----> floresta
Inserindo a palavra ----> metropolitana
Inserindo a palavra ----> natal
Inserindo a palavra ----> vinganca
Inserindo a palavra ----> potiguar
Inserindo a palavra ----> sindicato
Inserindo a palavra ----> aliado
Inserindo a palavra ----> especie
Inserindo a palavra ----> contrarias
Inserindo a palavra ----> potiguares
Inserindo a palavra ----> paraibana
Inserindo a palavra ----> passada
Inserindo a palavra ----> decidiu
Inserindo a palavra ----> expandir
Inserindo a palavra ----> fornecer
Inserindo a palavra ----> venderem
Inserindo a palavra ----> aliada
Inserindo a palavra ----> rivalidade
Inserindo a palavra ----> ocorreram
Inserindo a palavra ----> cisao
Inserindo a palavra ----> alternativa
Inserindo a palavra ----> paulistas
Inserindo a palavra ----> controle
Inserindo a palavra ----> locais
Inserindo a palavra ----> cresceram
Inserindo a palavra ----> oposicao
Inserindo a palavra ----> condutas
Inserindo a palavra ----> ditadas
Inserindo a palavra ----> motores
Inserindo a palavra ----> filiar
Inserindo a palavra ----> evita
Inserindo a palavra ----> batiza
Inserindo a palavra ----> los
Inserindo a palavra ----> agentes
Inserindo a palavra ----> questionaram
Inserindo a palavra ----> obrigacao
Inserindo a palavra ----> local
Inserindo a palavra ----> submeter
Inserindo a palavra ----> aliancas
Inserindo a palavra ----> frageis
Inserindo a palavra ----> aparentemente
Inserindo a palavra ----> alianca
Inserindo a palavra ----> rompeu
Inserindo a palavra ----> declaracoes
Inserindo a palavra ----> proprio
Inserindo a palavra ----> violenta
Inserindo a palavra ----> bairros
Inserindo a palavra ----> sociologo
Inserindo a palavra ----> tramas
Inserindo a palavra ----> reviravolta
Inserindo a palavra ----> configuracao
Inserindo a palavra ----> altera
Inserindo a palavra ----> semana
Inserindo a palavra ----> prisionais
Inserindo a palavra ----> ocorre
Inserindo a palavra ----> gestada
Inserindo a palavra ----> repercussao
Inserindo a palavra ----> lotados
Inserindo a palavra ----> conflitos
Inserindo a palavra ----> ocorrem
Inserindo a palavra ----> denuncias
Inserindo a palavra ----> insalubridade
Inserindo a palavra ----> violacoes
Inserindo a palavra ----> penitenciarias
Inserindo a palavra ----> prisoes
Inserindo a palavra ----> lotadas
Inserindo a palavra ----> recente
Inserindo a palavra ----> divulgado
Inserindo a palavra ----> relativos
Inserindo a palavra ----> estado
Inserindo a palavra ----> carceraria
Inserindo a palavra ----> 390
Inserindo a palavra ----> 554
Inserindo a palavra ----> vagas
Inserindo a palavra ----> ocupacao
Inserindo a palavra ----> 484
Inserindo a palavra ----> 64
Inserindo a palavra ----> provisorios
Inserindo a palavra ----> sequer
Inserindo a palavra ----> haviam
Inserindo a palavra ----> julgados
Inserindo a palavra ----> bruno
Inserindo a palavra ----> paes
Inserindo a palavra ----> manso
Inserindo a palavra ----> livro
Inserindo a palavra ----> ed
Inserindo a palavra ----> todavia
Inserindo a palavra ----> superlotacao
Inserindo a palavra ----> basta
Inserindo a palavra ----> estrategicos
Inserindo a palavra ----> lotado
Inserindo a palavra ----> funcionarios
Inserindo a palavra ----> suficientes
Inserindo a palavra ----> minimas
Inserindo a palavra ----> criar
Inserindo a palavra ----> urgentes
Inserindo a palavra ----> estadual
Inserindo a palavra ----> transferencia
Inserindo a palavra ----> melhorias
Inserindo a palavra ----> estruturais
Inserindo a palavra ----> casas
Inserindo a palavra ----> detencao
Inserindo a palavra ----> drones
Inserindo a palavra ----> intensificacao
Inserindo a palavra ----> revistas
Inserindo a palavra ----> mandantes
Inserindo a palavra ----> identificados
Inserindo a palavra ----> levados
Inserindo a palavra ----> ocorrencias
Inserindo a palavra ----> adotar
Inserindo a palavra ----> medidas
Inserindo a palavra ----> disciplinares
Inserindo a palavra ----> destacou
Inserindo a palavra ----> envio
Inserindo a palavra ----> penitenciaria
Inserindo a palavra ----> conversa
Inserindo a palavra ----> reflexo
Inserindo a palavra ----> enviada
Inserindo a palavra ----> assistiu
Inserindo a palavra ----> tube
Inserindo a palavra ----> inscreva
Inserindo a palavra ----> nosso
Inserindo a palavra ----> canal
Inserindo a palavra ----> he
Inserindo a palavra ----> watchvmmw
Inserindo a palavra ----> a0thttps
Inserindo a palavra ----> watchv9992qsq0y3it
Inserindo a palavra ----> emociona
Inserindo a palavra ----> canta
Inserindo a palavra ----> velorio
Inserindo a palavra ----> gabriel
Inserindo a palavra ----> diniz
Inserindo a palavra ----> pai
Inserindo a palavra ----> piloto
Inserindo a palavra ----> voo
Inserindo a palavra ----> custou
Inserindo a palavra ----> nega
Inserindo a palavra ----> carona
Inserindo a palavra ----> batman
Inserindo a palavra ----> luxo
Inserindo a palavra ----> destaque
Inserindo a palavra ----> granja
Inserindo a palavra ----> helicoptero
Inserindo a palavra ----> mi
Inserindo a palavra ----> abandonada
Inserindo a palavra ----> terreno
Inserindo a palavra ----> baldio
Inserindo a palavra ----> luxuosos
Inserindo a palavra ----> cobicados
Inserindo a palavra ----> amantes
Inserindo a palavra ----> encontrada
Inserindo a palavra ----> 18h57
Inserindo a palavra ----> netanyahu
Inserindo a palavra ----> formar
Inserindo a palavra ----> jerusalem
Inserindo a palavra ----> urnas
Inserindo a palavra ----> 18h39
Inserindo a palavra ----> senadores
Inserindo a palavra ----> 81
Inserindo a palavra ----> ignorar
Inserindo a palavra ----> votar
Inserindo a palavra ----> 18h35
Inserindo a palavra ----> 18h34
Inserindo a palavra ----> resultam
Inserindo a palavra ----> descontrole
Inserindo a palavra ----> estatal
Inserindo a palavra ----> 18h32
Inserindo a palavra ----> efe
Inserindo a palavra ----> fecha
Inserindo a palavra ----> baixa
Inserindo a palavra ----> 093
Inserindo a palavra ----> industrial
Inserindo a palavra ----> 18h30
Inserindo a palavra ----> alcolumbre
Inserindo a palavra ----> anuncia
Inserindo a palavra ----> discussao
Inserindo a palavra ----> votacao
Inserindo a palavra ----> administrativa
Inserindo a palavra ----> 18h28
Inserindo a palavra ----> bombardeios
Inserindo a palavra ----> noroeste
Inserindo a palavra ----> siria
Inserindo a palavra ----> deixam
Inserindo a palavra ----> cairo
Inserindo a palavra ----> civis
Inserindo a palavra ----> morreram
Inserindo a palavra ----> criancas
Inserindo a palavra ----> homem
Inserindo a palavra ----> preso
Inserindo a palavra ----> banhada
Inserindo a palavra ----> denuncia
Inserindo a palavra ----> anonima
Inserindo a palavra ----> ontem
Inserindo a palavra ----> minas
Inserindo a palavra ----> gerais
Inserindo a palavra ----> portando
Inserindo a palavra ----> 18h26
Inserindo a palavra ----> suprema
Inserindo a palavra ----> corte
Inserindo a palavra ----> eua
Inserindo a palavra ----> emite
Inserindo a palavra ----> aborto
Inserindo a palavra ----> legalidade
Inserindo a palavra ----> 18h24
Inserindo a palavra ----> tornados
Inserindo a palavra ----> morto
Inserindo a palavra ----> feridos
Inserindo a palavra ----> morreu
Inserindo a palavra ----> ficaram
Inserindo a palavra ----> feridas
Inserindo a palavra ----> consequencia
Inserindo a palavra ----> 18h19
Inserindo a palavra ----> franceses
Inserindo a palavra ----> condenados
Inserindo a palavra ----> morte
Inserindo a palavra ----> iraque
Inserindo a palavra ----> bagda
Inserindo a palavra ----> defende
Inserindo a palavra ----> ajuste
Inserindo a palavra ----> fiscal
Inserindo a palavra ----> rapido
Inserindo a palavra ----> comeca
Inserindo a palavra ----> pressao
Inserindo a palavra ----> 18h17
Inserindo a palavra ----> unificadas
Inserindo a palavra ----> contribuintes
Inserindo a palavra ----> 18h16
Inserindo a palavra ----> sindicatos
Inserindo a palavra ----> argentinos
Inserindo a palavra ----> iniciam
Inserindo a palavra ----> buenos
Inserindo a palavra ----> aires
Inserindo a palavra ----> argentina
Inserindo a palavra ----> iniciaram
Inserindo a palavra ----> 36
Inserindo a palavra ----> mobilizacoes
Inserindo a palavra ----> 18h10
Inserindo a palavra ----> responsaveis
Inserindo a palavra ----> 18h09
Inserindo a palavra ----> indices
Inserindo a palavra ----> fecham
Inserindo a palavra ----> tensoes
Inserindo a palavra ----> comerciais
Inserindo a palavra ----> fecharam
Inserindo a palavra ----> 18h07
Inserindo a palavra ----> 18h06
Inserindo a palavra ----> democratico
Inserindo a palavra ----> chateado
Inserindo a palavra ----> alvos
Inserindo a palavra ----> manifestacoes
Inserindo a palavra ----> decidem
Inserindo a palavra ----> saneamento
Inserindo a palavra ----> caducar
Inserindo a palavra ----> tratado
Inserindo a palavra ----> decidiram
Inserindo a palavra ----> provisoria
Inserindo a palavra ----> 868
Inserindo a palavra ----> 18h05
Inserindo a palavra ----> secretario
Inserindo a palavra ----> engajamento
Inserindo a palavra ----> popular
Inserindo a palavra ----> especial
Inserindo a palavra ----> republica
Inserindo a palavra ----> wajngarten
Inserindo a palavra ----> avaliou
Inserindo a palavra ----> iphone
Inserindo a palavra ----> 300
Inserindo a palavra ----> leilao
Inserindo a palavra ----> gb
Inserindo a palavra ----> 1300
Inserindo a palavra ----> modelito
Inserindo a palavra ----> vintage
Inserindo a palavra ----> camarada
Inserindo a palavra ----> 18h04
Inserindo a palavra ----> compara
Inserindo a palavra ----> milicia
Inserindo a palavra ----> mafia
Inserindo a palavra ----> bandidos
Inserindo a palavra ----> entregarem
Inserindo a palavra ----> comparou
Inserindo a palavra ----> milicias
Inserindo a palavra ----> mafias
Inserindo a palavra ----> exortou
Inserindo a palavra ----> preve
Inserindo a palavra ----> diretoria
Inserindo a palavra ----> energia
Inserindo a palavra ----> aprovou
Inserindo a palavra ----> abertura
Inserindo a palavra ----> 18h03
Inserindo a palavra ----> comissao
Inserindo a palavra ----> julho
Inserindo a palavra ----> brito
Inserindo a palavra ----> 18h01
Inserindo a palavra ----> investiga
Inserindo a palavra ----> cadela
Inserindo a palavra ----> atacada
Inserindo a palavra ----> acido
Inserindo a palavra ----> manuel
Inserindo a palavra ----> investigacao
Inserindo a palavra ----> invasao
Inserindo a palavra ----> resultou
Inserindo a palavra ----> 18h00
Inserindo a palavra ----> promove
Inserindo a palavra ----> plano
Inserindo a palavra ----> oriente
Inserindo a palavra ----> medio
Inserindo a palavra ----> assessor
Inserindo a palavra ----> genro
Inserindo a palavra ----> encarregado
Inserindo a palavra ----> 17h59
Inserindo a palavra ----> desemprego
Inserindo a palavra ----> aumenta
Inserindo a palavra ----> seguido
Inserindo a palavra ----> emprego
Inserindo a palavra ----> fundacao
Inserindo a palavra ----> 17h56
Inserindo a palavra ----> feminista
Inserindo a palavra ----> propor
Inserindo a palavra ----> legalizacao
Inserindo a palavra ----> debatida
Inserindo a palavra ----> 17h54
Inserindo a palavra ----> indiana
Inserindo a palavra ----> torna
Inserindo a palavra ----> obrigatorio
Inserindo a palavra ----> enterro
Inserindo a palavra ----> cremacao
Inserindo a palavra ----> restos
Inserindo a palavra ----> fetos
Inserindo a palavra ----> abortados
Inserindo a palavra ----> anunciou
Inserindo a palavra ----> 17h53
Inserindo a palavra ----> representantes
Inserindo a palavra ----> maduro
Inserindo a palavra ----> negociam
Inserindo a palavra ----> noruega
Inserindo a palavra ----> venezuelano
Inserindo a palavra ----> lider
Inserindo a palavra ----> opositor
Inserindo a palavra ----> juan
Inserindo a palavra ----> 17h52
Inserindo a palavra ----> sirio
Inserindo a palavra ----> mantem
Inserindo a palavra ----> ataques
Inserindo a palavra ----> aereos
Inserindo a palavra ----> beirute
Inserindo a palavra ----> regime
Inserindo a palavra ----> mataram
Inserindo a palavra ----> incluindo
Inserindo a palavra ----> 17h51
Inserindo a palavra ----> discutem
Inserindo a palavra ----> morador
Inserindo a palavra ----> inadimplente
Inserindo a palavra ----> lazer
Inserindo a palavra ----> condominio
Inserindo a palavra ----> decide
Inserindo a palavra ----> stj
Inserindo a palavra ----> unanimidade
Inserindo a palavra ----> quarta
Inserindo a palavra ----> turma
Inserindo a palavra ----> superior
Inserindo a palavra ----> tribunal
Inserindo a palavra ----> autorizar
Inserindo a palavra ----> moradora
Inserindo a palavra ----> 17h49
Inserindo a palavra ----> ccj
Inserindo a palavra ----> aprova
Inserindo a palavra ----> convocacao
Inserindo a palavra ----> porte
Inserindo a palavra ----> 17h48
Inserindo a palavra ----> tiver
Inserindo a palavra ----> votamos
Inserindo a palavra ----> 17h42
Inserindo a palavra ----> reitera
Inserindo a palavra ----> pedido
Inserindo a palavra ----> alterar
Inserindo a palavra ----> 870
Inserindo a palavra ----> ap
Inserindo a palavra ----> divulgou
Inserindo a palavra ----> recebeu
Inserindo a palavra ----> civil
Inserindo a palavra ----> sente
Inserindo a palavra ----> honrado
Inserindo a palavra ----> explicar
Inserindo a palavra ----> informou
Inserindo a palavra ----> lorenzoni
Inserindo a palavra ----> 17h41
Inserindo a palavra ----> queda
Inserindo a palavra ----> ante
Inserindo a palavra ----> atencoes
Inserindo a palavra ----> castro
Inserindo a palavra ----> 17h40
Inserindo a palavra ----> recriacao
Inserindo a palavra ----> xerife
Inserindo a palavra ----> protetor
Inserindo a palavra ----> cria
Inserindo a palavra ----> protecao
Inserindo a palavra ----> 17h29
Inserindo a palavra ----> aguia
Inserindo a palavra ----> surpreendeu
Inserindo a palavra ----> fotografo
Inserindo a palavra ----> amador
Inserindo a palavra ----> senti
Inserindo a palavra ----> brisa
Inserindo a palavra ----> asas
Inserindo a palavra ----> canadense
Inserindo a palavra ----> estar
Inserindo a palavra ----> maravilhado
Inserindo a palavra ----> registrou
Inserindo a palavra ----> relicitacao
Inserindo a palavra ----> 17h26
Inserindo a palavra ----> pede
Inserindo a palavra ----> nove
Inserindo a palavra ----> ordenado
Inserindo a palavra ----> cadeias
Inserindo a palavra ----> 17h25
Inserindo a palavra ----> confira
Inserindo a palavra ----> ue
Inserindo a palavra ----> elege
Inserindo a palavra ----> bruxelas
Inserindo a palavra ----> europeus
Inserindo a palavra ----> comecaram
Inserindo a palavra ----> debater
Inserindo a palavra ----> distribuicao
Inserindo a palavra ----> diretores
Inserindo a palavra ----> anunciam
Inserindo a palavra ----> demissao
Inserindo a palavra ----> toxico
Inserindo a palavra ----> ong
Inserindo a palavra ----> defensora
Inserindo a palavra ----> anistia
Inserindo a palavra ----> 17h22
Inserindo a palavra ----> ajudado
Inserindo a palavra ----> discutira
Inserindo a palavra ----> maria
Inserindo a palavra ----> carolina
Inserindo a palavra ----> marcello
Inserindo a palavra ----> 17h19
Inserindo a palavra ----> 17h13
Inserindo a palavra ----> marcelo
Inserindo a palavra ----> camargo
Inserindo a palavra ----> hanrrikson
Inserindo a palavra ----> andrade
Inserindo a palavra ----> 28t1835432019
Inserindo a palavra ----> 28t19280828
Inserindo a palavra ----> 18h35atualizada
Inserindo a palavra ----> 19h28
Inserindo a palavra ----> financeiras
Inserindo a palavra ----> transferido
Inserindo a palavra ----> alteraria
Inserindo a palavra ----> basica
Inserindo a palavra ----> cuja
Inserindo a palavra ----> tramitacao
Inserindo a palavra ----> considerando
Inserindo a palavra ----> curto
Inserindo a palavra ----> modificacao
Inserindo a palavra ----> perca
Inserindo a palavra ----> executivo
Inserindo a palavra ----> voltaria
Inserindo a palavra ----> 29
Inserindo a palavra ----> ministerios
Inserindo a palavra ----> definiu
Inserindo a palavra ----> comeco
Inserindo a palavra ----> discute
Inserindo a palavra ----> acompanhe
Inserindo a palavra ----> assinam
Inserindo a palavra ----> pedindo
Inserindo a palavra ----> vote
Inserindo a palavra ----> mexer
Inserindo a palavra ----> marcara
Inserindo a palavra ----> poderes
Inserindo a palavra ----> aponta
Inserindo a palavra ----> retrocesso
Inserindo a palavra ----> alterada
Inserindo a palavra ----> segura
Inserindo a palavra ----> favoraveis
Inserindo a palavra ----> bancadas
Inserindo a palavra ----> psd
Inserindo a palavra ----> pros
Inserindo a palavra ----> parlamentares
Inserindo a palavra ----> minoria
Inserindo a palavra ----> rodrigues
Inserindo a palavra ----> manifestaram
Inserindo a palavra ----> plenario
Inserindo a palavra ----> cercada
Inserindo a palavra ----> referente
Inserindo a palavra ----> destino
Inserindo a palavra ----> alvaro
Inserindo a palavra ----> pr
Inserindo a palavra ----> alencar
Inserindo a palavra ----> ba
Inserindo a palavra ----> falhou
Inserindo a palavra ----> interlocucao
Inserindo a palavra ----> ciente
Inserindo a palavra ----> incentivou
Inserindo a palavra ----> pautas
Inserindo a palavra ----> simbolizam
Inserindo a palavra ----> persuadir
Inserindo a palavra ----> assinada
Inserindo a palavra ----> ministros
Inserindo a palavra ----> alertando
Inserindo a palavra ----> causara
Inserindo a palavra ----> prejuizos
Inserindo a palavra ----> nacao
Inserindo a palavra ----> provocaria
Inserindo a palavra ----> caos
Inserindo a palavra ----> administrativo
Inserindo a palavra ----> levei
Inserindo a palavra ----> recebi
Inserindo a palavra ----> votada
Inserindo a palavra ----> modificacoes
Inserindo a palavra ----> davialcolumbre
Inserindo a palavra ----> abrir
Inserindo a palavra ----> sessao
Inserindo a palavra ----> endossou
Inserindo a palavra ----> pediu
Inserindo a palavra ----> colegas
Inserindo a palavra ----> aprovem
Inserindo a palavra ----> apreciado
Inserindo a palavra ----> aprovacao
Inserindo a palavra ----> depende
Inserindo a palavra ----> amanha
Inserindo a palavra ----> resistentes
Inserindo a palavra ----> culpa
Inserindo a palavra ----> derrocada
Inserindo a palavra ----> comecar
Inserindo a palavra ----> terminar
Inserindo a palavra ----> informado
Inserindo a palavra ----> bloqueio
Inserindo a palavra ----> 128
Inserindo a palavra ----> aecio
Inserindo a palavra ----> neves
Inserindo a palavra ----> cartas
Inserindo a palavra ----> golpe
Inserindo a palavra ----> 19h56
Inserindo a palavra ----> determinou
Inserindo a palavra ----> bloqueados
Inserindo a palavra ----> 19h27
Inserindo a palavra ----> combinou
Inserindo a palavra ----> 19h21
Inserindo a palavra ----> reinaldo
Inserindo a palavra ----> azevedo
Inserindo a palavra ----> convoca
Inserindo a palavra ----> 19h16
Inserindo a palavra ----> juiz
Inserindo a palavra ----> 19h12
Inserindo a palavra ----> raquel
Inserindo a palavra ----> imediato
Inserindo a palavra ----> cumprimento
Inserindo a palavra ----> pena
Inserindo a palavra ----> alfredo
Inserindo a palavra ----> 19h00
Inserindo a palavra ----> tales
Inserindo a palavra ----> faria
Inserindo a palavra ----> centrao
Inserindo a palavra ----> volte
Inserindo a palavra ----> aliados
Inserindo a palavra ----> 18h52
Inserindo a palavra ----> vota
Inserindo a palavra ----> 17h20
Inserindo a palavra ----> ganhavam
Inserindo a palavra ----> mesada
Inserindo a palavra ----> esquema
Inserindo a palavra ----> 989
Inserindo a palavra ----> mpf
Inserindo a palavra ----> 16h47
Inserindo a palavra ----> tasso
Inserindo a palavra ----> jereissati
Inserindo a palavra ----> picuinha
Inserindo a palavra ----> psdb
Inserindo a palavra ----> ce
Inserindo a palavra ----> criticou
Inserindo a palavra ----> chamou
Inserindo a palavra ----> picuinhas
Inserindo a palavra ----> 16h35
Inserindo a palavra ----> 16h34
Inserindo a palavra ----> movimentos
Inserindo a palavra ----> pedem
Inserindo a palavra ----> cnbb
Inserindo a palavra ----> 16h16
Inserindo a palavra ----> arquiteto
Inserindo a palavra ----> defensor
Inserindo a palavra ----> 16h09
Inserindo a palavra ----> desiste
Inserindo a palavra ----> tentar
Inserindo a palavra ----> tirar
Inserindo a palavra ----> apresentara
Inserindo a palavra ----> 15h50
Inserindo a palavra ----> reuniao
Inserindo a palavra ----> olimpio
Inserindo a palavra ----> destaques
Inserindo a palavra ----> 15h42
Inserindo a palavra ----> assinaram
Inserindo a palavra ----> 14h35
Inserindo a palavra ----> 14h31
Inserindo a palavra ----> juizes
Inserindo a palavra ----> apoiam
Inserindo a palavra ----> pacote
Inserindo a palavra ----> manifestou
Inserindo a palavra ----> anticrime
Inserindo a palavra ----> 14h03
Inserindo a palavra ----> supremo
Inserindo a palavra ----> 14h00
Inserindo a palavra ----> votara
Inserindo a palavra ----> confirmara
Inserindo a palavra ----> requerimento
Inserindo a palavra ----> 13h28
Inserindo a palavra ----> acho
Inserindo a palavra ----> ruim
Inserindo a palavra ----> governar
Inserindo a palavra ----> brigando
Inserindo a palavra ----> parlamento
Inserindo a palavra ----> dino
Inserindo a palavra ----> 13h24
Inserindo a palavra ----> deveriam
Inserindo a palavra ----> eficiencia
Inserindo a palavra ----> 13h19
Inserindo a palavra ----> prende
Inserindo a palavra ----> doleiro
Inserindo a palavra ----> dario
Inserindo a palavra ----> bancarrota
Inserindo a palavra ----> 13h14
Inserindo a palavra ----> conclui
Inserindo a palavra ----> voto
Inserindo a palavra ----> bunker
Inserindo a palavra ----> 51
Inserindo a palavra ----> lula
Inserindo a palavra ----> temer
Inserindo a palavra ----> vieira
Inserindo a palavra ----> irmao
Inserindo a palavra ----> lucio
Inserindo a palavra ----> 13h09
Inserindo a palavra ----> major
Inserindo a palavra ----> defender
Inserindo a palavra ----> defendido
Inserindo a palavra ----> procurado
Inserindo a palavra ----> 13h05
Inserindo a palavra ----> existia
Inserindo a palavra ----> 12h41
Inserindo a palavra ----> conciliar
Inserindo a palavra ----> animos
Inserindo a palavra ----> votacoes
Inserindo a palavra ----> 12h34
Inserindo a palavra ----> legitima
Inserindo a palavra ----> 12h29
Inserindo a palavra ----> empresario
Inserindo a palavra ----> lavagem
Inserindo a palavra ----> quase
Inserindo a palavra ----> 12h18
Inserindo a palavra ----> legitimas
Inserindo a palavra ----> 12h07
Inserindo a palavra ----> perdi
Inserindo a palavra ----> hostilizada
Inserindo a palavra ----> pro
Inserindo a palavra ----> domingos
Inserindo a palavra ----> feriados
Inserindo a palavra ----> artesa
Inserindo a palavra ----> caixeta
Inserindo a palavra ----> 54
Inserindo a palavra ----> costuma
Inserindo a palavra ----> avenida
Inserindo a palavra ----> 11h59
Inserindo a palavra ----> prioriza
Inserindo a palavra ----> liberacao
Inserindo a palavra ----> emendas
Inserindo a palavra ----> 11h30
Inserindo a palavra ----> vencer
Inserindo a palavra ----> aquela
Inserindo a palavra ----> estabeleceu
Inserindo a palavra ----> 10h42
Inserindo a palavra ----> assinarao
Inserindo a palavra ----> retomada
Inserindo a palavra ----> chefe
Inserindo a palavra ----> presidentes
Inserindo a palavra ----> 10h05
Inserindo a palavra ----> alvorada
Inserindo a palavra ----> excelente
Inserindo a palavra ----> 09h51
Inserindo a palavra ----> cabral
Inserindo a palavra ----> unidade
Inserindo a palavra ----> pezao
Inserindo a palavra ----> 09h16
Inserindo a palavra ----> cambio
Inserindo a palavra ----> desligo
Inserindo a palavra ----> deflagrou
Inserindo a palavra ----> 09h00
Inserindo a palavra ----> 08h28
Inserindo a palavra ----> heroi
Inserindo a palavra ----> sangue
Inserindo a palavra ----> corria
Inserindo a palavra ----> am
Inserindo a palavra ----> fazia
Inserindo a palavra ----> valentes
Inserindo a palavra ----> chamada
Inserindo a palavra ----> brincam
Inserindo a palavra ----> cacar
Inserindo a palavra ----> cassar
Inserindo a palavra ----> vies
Inserindo a palavra ----> ideologico
Inserindo a palavra ----> 08h15
Inserindo a palavra ----> licenca
Inserindo a palavra ----> matar
Inserindo a palavra ----> milhares
Inserindo a palavra ----> brutal
Inserindo a palavra ----> fundido
Inserindo a palavra ----> transformando
Inserindo a palavra ----> 08h14
Inserindo a palavra ----> imbroglio
Inserindo a palavra ----> suspendeu
Inserindo a palavra ----> privatizacao
Inserindo a palavra ----> gasodutos
Inserindo a palavra ----> petrobras
Inserindo a palavra ----> confusao
Inserindo a palavra ----> fizeram
Inserindo a palavra ----> sentido...
Inserindo a palavra ----> edson
Inserindo a palavra ----> 08h13
Inserindo a palavra ----> articulacao
Inserindo a palavra ----> reverter
Inserindo a palavra ----> deixa
Inserindo a palavra ----> tirou
Inserindo a palavra ----> 07h55
Inserindo a palavra ----> parlamentarismo
Inserindo a palavra ----> informal
Inserindo a palavra ----> perdendo
Inserindo a palavra ----> lideranca
Inserindo a palavra ----> coerente
Inserindo a palavra ----> promessa
Inserindo a palavra ----> cargos
Inserindo a palavra ----> 07h32
Inserindo a palavra ----> acena
Inserindo a palavra ----> judiciario
Inserindo a palavra ----> elogiar
Inserindo a palavra ----> procuraram
Inserindo a palavra ----> relator
Inserindo a palavra ----> categorias
Inserindo a palavra ----> vao
Inserindo a palavra ----> policiais
Inserindo a palavra ----> legislativos
Inserindo a palavra ----> enfermeiros
Inserindo a palavra ----> pediram
Inserindo a palavra ----> 07h00
Inserindo a palavra ----> 05
Inserindo a palavra ----> 2019
Inserindo a palavra ----> uol
Inserindo a palavra ----> menu
Inserindo a palavra ----> host
Inserindo a palavra ----> pagbankpagsegurocursos
Inserindo a palavra ----> email
Inserindo a palavra ----> assine
Inserindo a palavra ----> tecnica
Inserindo a palavra ----> esporte
Inserindo a palavra ----> fi
Inserindo a palavra ----> 4003
Inserindo a palavra ----> 6118
Inserindo a palavra ----> capitais
Inserindo a palavra ----> 0800
Inserindo a palavra ----> 703
Inserindo a palavra ----> emails
Inserindo a palavra ----> cotidiano
Inserindo a palavra ----> loterias
Inserindo a palavra ----> newsletters
Inserindo a palavra ----> blogs
Inserindo a palavra ----> mega
Inserindo a palavra ----> lotomania
Inserindo a palavra ----> testes
Inserindo a palavra ----> lancamentos
Inserindo a palavra ----> agronegocio
Inserindo a palavra ----> cotacoes
Inserindo a palavra ----> empreendedorismo
Inserindo a palavra ----> pessoais
Inserindo a palavra ----> lideres
Inserindo a palavra ----> midia
Inserindo a palavra ----> marketing
Inserindo a palavra ----> dolar
Inserindo a palavra ----> download
Inserindo a palavra ----> futebol
Inserindo a palavra ----> gols
Inserindo a palavra ----> rodada
Inserindo a palavra ----> brasileirao
Inserindo a palavra ----> libertadores
Inserindo a palavra ----> campeonatos
Inserindo a palavra ----> esportes
Inserindo a palavra ----> mma
Inserindo a palavra ----> basquete
Inserindo a palavra ----> volei
Inserindo a palavra ----> tenis
Inserindo a palavra ----> reportagens
Inserindo a palavra ----> especiais
Inserindo a palavra ----> times
Inserindo a palavra ----> mg
Inserindo a palavra ----> avai
Inserindo a palavra ----> botafogo
Inserindo a palavra ----> chapecoense
Inserindo a palavra ----> corinthians
Inserindo a palavra ----> coritiba
Inserindo a palavra ----> flamengo
Inserindo a palavra ----> fluminense
Inserindo a palavra ----> premier
Inserindo a palavra ----> nba
Inserindo a palavra ----> filmes
Inserindo a palavra ----> musicais
Inserindo a palavra ----> tv
Inserindo a palavra ----> famosos
Inserindo a palavra ----> televisao
Inserindo a palavra ----> shows
Inserindo a palavra ----> padiglione
Inserindo a palavra ----> flavio
Inserindo a palavra ----> mauricio
Inserindo a palavra ----> ricardo
Inserindo a palavra ----> poliana
Inserindo a palavra ----> malhacao
Inserindo a palavra ----> universa
Inserindo a palavra ----> autoestima
Inserindo a palavra ----> inspiradoras
Inserindo a palavra ----> relacionamentos
Inserindo a palavra ----> fofuras
Inserindo a palavra ----> redacoes
Inserindo a palavra ----> enem
Inserindo a palavra ----> simulados
Inserindo a palavra ----> vestibular
Inserindo a palavra ----> atualidades
Inserindo a palavra ----> biografias
Inserindo a palavra ----> online
Inserindo a palavra ----> profissionalizantes
Inserindo a palavra ----> oab
Inserindo a palavra ----> videos
Inserindo a palavra ----> programas
Inserindo a palavra ----> video
Inserindo a palavra ----> canais
Inserindo a palavra ----> tab
Inserindo a palavra ----> tentasse
Inserindo a palavra ----> 870
Inserindo a palavra ----> rodolfo
Inserindo a palavra ----> estadao
Inserindo a palavra ----> 0000
Inserindo a palavra ----> hanrrikson
Inserindo a palavra ----> brasilia
Inserindo a palavra ----> 28t21424228
Inserindo a palavra ----> 21h42
Inserindo a palavra ----> caducaria
Inserindo a palavra ----> aprovada
Inserindo a palavra ----> sancao
Inserindo a palavra ----> presidencial
Inserindo a palavra ----> editada
Inserindo a palavra ----> diminui
Inserindo a palavra ----> ministerios
Inserindo a palavra ----> transacoes
Inserindo a palavra ----> financeiras
Inserindo a palavra ----> contramao
Inserindo a palavra ----> pediram
Inserindo a palavra ----> atos
Inserindo a palavra ----> mantida
Inserindo a palavra ----> aliada
Inserindo a palavra ----> lider
Inserindo a palavra ----> bezerra
Inserindo a palavra ----> reduziu
Inserindo a palavra ----> controle
Inserindo a palavra ----> atividades
Inserindo a palavra ----> sergio
Inserindo a palavra ----> perderia
Inserindo a palavra ----> enviou
Inserindo a palavra ----> registram
Inserindo a palavra ----> inclusive
Inserindo a palavra ----> alterasse
Inserindo a palavra ----> guedes
Inserindo a palavra ----> atuacao
Inserindo a palavra ----> destaque
Inserindo a palavra ----> jato
Inserindo a palavra ----> entusiastas
Inserindo a palavra ----> correligionarios
Inserindo a palavra ----> articulavam
Inserindo a palavra ----> preocupado
Inserindo a palavra ----> caducar
Inserindo a palavra ----> buscou
Inserindo a palavra ----> presidentes
Inserindo a palavra ----> alcolumbre
Inserindo a palavra ----> ap
Inserindo a palavra ----> rj
Inserindo a palavra ----> convenceu
Inserindo a palavra ----> olimpio
Inserindo a palavra ----> sp
Inserindo a palavra ----> aumentaram
Inserindo a palavra ----> tirassem
Inserindo a palavra ----> congressistas
Inserindo a palavra ----> desistissem
Inserindo a palavra ----> viesse
Inserindo a palavra ----> sensibilizou
Inserindo a palavra ----> psd
Inserindo a palavra ----> permitiu
Inserindo a palavra ----> lideranca
Inserindo a palavra ----> compusesse
Inserindo a palavra ----> pt
Inserindo a palavra ----> requerimentos
Inserindo a palavra ----> solicitada
Inserindo a palavra ----> identificando
Inserindo a palavra ----> oponentes
Inserindo a palavra ----> tatica
Inserindo a palavra ----> abracada
Inserindo a palavra ----> ignorou
Inserindo a palavra ----> protestos
Inserindo a palavra ----> acelerou
Inserindo a palavra ----> registrados
Inserindo a palavra ----> eletronico
Inserindo a palavra ----> registrar
Inserindo a palavra ----> entendiam
Inserindo a palavra ----> sentiriam
Inserindo a palavra ----> constrangidos
Inserindo a palavra ----> compartilhado
Inserindo a palavra ----> condicionaram
Inserindo a palavra ----> posicionamento
Inserindo a palavra ----> tramitacao
Inserindo a palavra ----> obrigaria
Inserindo a palavra ----> atuais
Inserindo a palavra ----> detalhes
Inserindo a palavra ----> impactantes
Inserindo a palavra ----> acusada
Inserindo a palavra ----> escravizar
Inserindo a palavra ----> sexualmente
Inserindo a palavra ----> colecao
Inserindo a palavra ----> ironizaram
Inserindo a palavra ----> funcionou
Inserindo a palavra ----> 22h33
Inserindo a palavra ----> ironiza
Inserindo a palavra ----> omar
Inserindo a palavra ----> 22h12
Inserindo a palavra ----> aprovou
Inserindo a palavra ----> 21h02
Inserindo a palavra ----> massacre
Inserindo a palavra ----> prisoes
Inserindo a palavra ----> manaus
Inserindo a palavra ----> otavio
Inserindo a palavra ----> jair
Inserindo a palavra ----> 20h56
Inserindo a palavra ----> 18h35
Inserindo a palavra ----> informou
Inserindo a palavra ----> lorenzoni
Inserindo a palavra ----> 17h41
Inserindo a palavra ----> jereissati
Inserindo a palavra ----> psdb
Inserindo a palavra ----> criticou
Inserindo a palavra ----> picuinhas
Inserindo a palavra ----> stf
Inserindo a palavra ----> 16h35
Inserindo a palavra ----> 16h34
Inserindo a palavra ----> reuters
Inserindo a palavra ----> arquiteto
Inserindo a palavra ----> 16h09
Inserindo a palavra ----> apresentara
Inserindo a palavra ----> 15h50
Inserindo a palavra ----> vote
Inserindo a palavra ----> assinaram
Inserindo a palavra ----> 14h35
Inserindo a palavra ----> bbc
Inserindo a palavra ----> fatores
Inserindo a palavra ----> 14h28
Inserindo a palavra ----> federais
Inserindo a palavra ----> manifestou
Inserindo a palavra ----> anticrime
Inserindo a palavra ----> 14h03
Inserindo a palavra ----> marcara
Inserindo a palavra ----> afirmou
Inserindo a palavra ----> 14h00
Inserindo a palavra ----> votara
Inserindo a palavra ----> confirmara
Inserindo a palavra ----> 13h28
Inserindo a palavra ----> 12h41
Inserindo a palavra ----> assinarao
Inserindo a palavra ----> retomada
Inserindo a palavra ----> 10h05
Inserindo a palavra ----> 07h55
Inserindo a palavra ----> parlamentarismo
Inserindo a palavra ----> informal
Inserindo a palavra ----> aliancas
Inserindo a palavra ----> 07h32
Inserindo a palavra ----> acena
Inserindo a palavra ----> judiciario
Inserindo a palavra ----> decidiu
Inserindo a palavra ----> tcu
Inserindo a palavra ----> acesso
Inserindo a palavra ----> sigilosas
Inserindo a palavra ----> 07h01
Inserindo a palavra ----> endossar
Inserindo a palavra ----> 04h01
Inserindo a palavra ----> confidenciais
Inserindo a palavra ----> onu
Inserindo a palavra ----> 1964
Inserindo a palavra ----> 04h00
Inserindo a palavra ----> governistas
Inserindo a palavra ----> ativos
Inserindo a palavra ----> opositores
Inserindo a palavra ----> atividade
Inserindo a palavra ----> internet
Inserindo a palavra ----> apoiadores
Inserindo a palavra ----> arrasou
Inserindo a palavra ----> mec
Inserindo a palavra ----> orcamentario
Inserindo a palavra ----> anunciado
Inserindo a palavra ----> analista
Inserindo a palavra ----> atualiza
Inserindo a palavra ----> 18h58
Inserindo a palavra ----> 17h57
Inserindo a palavra ----> analistas
Inserindo a palavra ----> projecao
Inserindo a palavra ----> 16h30
Inserindo a palavra ----> significativas
Inserindo a palavra ----> ocorridas
Inserindo a palavra ----> 13h29
Inserindo a palavra ----> 11h52
Inserindo a palavra ----> 11h18
Inserindo a palavra ----> minimiza
Inserindo a palavra ----> centrao
Inserindo a palavra ----> liderancas
Inserindo a palavra ----> minimizaram
Inserindo a palavra ----> avaliaram
Inserindo a palavra ----> 10h23
Inserindo a palavra ----> manifestantes
Inserindo a palavra ----> arrancam
Inserindo a palavra ----> ufpr
Inserindo a palavra ----> afixada
Inserindo a palavra ----> 09h49
Inserindo a palavra ----> realizadas
Inserindo a palavra ----> entendendo
Inserindo a palavra ----> murilo
Inserindo a palavra ----> cleto
Inserindo a palavra ----> 02h33
Inserindo a palavra ----> aproveitou
Inserindo a palavra ----> 22h44
Inserindo a palavra ----> ato
Inserindo a palavra ----> polemicos
Inserindo a palavra ----> confeiteiro
Inserindo a palavra ----> valdir
Inserindo a palavra ----> 21h48
Inserindo a palavra ----> 20h10
Inserindo a palavra ----> curitiba
Inserindo a palavra ----> 19h41
Inserindo a palavra ----> pressionar
Inserindo a palavra ----> integrantes
Inserindo a palavra ----> militantes
Inserindo a palavra ----> simpatizantes
Inserindo a palavra ----> utilizaram
Inserindo a palavra ----> 19h35
Inserindo a palavra ----> ocuparam
Inserindo a palavra ----> 19h31
Inserindo a palavra ----> criticados
Inserindo a palavra ----> 19h10
Inserindo a palavra ----> escoltada
Inserindo a palavra ----> pm
Inserindo a palavra ----> paulista
Inserindo a palavra ----> camiseta
Inserindo a palavra ----> vereadora
Inserindo a palavra ----> policiais
Inserindo a palavra ----> 18h28
Inserindo a palavra ----> manifestante
Inserindo a palavra ----> precisou
Inserindo a palavra ----> 17h58
Inserindo a palavra ----> alvos
Inserindo a palavra ----> mbl
Inserindo a palavra ----> 16h52
Inserindo a palavra ----> df
Inserindo a palavra ----> mito
Inserindo a palavra ----> 16h04
Inserindo a palavra ----> av
Inserindo a palavra ----> vestindo
Inserindo a palavra ----> caminhou
Inserindo a palavra ----> provocou
Inserindo a palavra ----> 15h48
Inserindo a palavra ----> mediu
Inserindo a palavra ----> 15h31
Inserindo a palavra ----> doping
Inserindo a palavra ----> assista
Inserindo a palavra ----> colunistas
Inserindo a palavra ----> inovacao
Inserindo a palavra ----> drinques
Inserindo a palavra ----> sobremesas
Inserindo a palavra ----> lanches
Inserindo a palavra ----> petiscos
Inserindo a palavra ----> saladas
Inserindo a palavra ----> vegetarianas
Inserindo a palavra ----> ecoturismo
Inserindo a palavra ----> roteiros
Inserindo a palavra ----> culturais
Inserindo a palavra ----> gastronomicos
Inserindo a palavra ----> mochileiros
Inserindo a palavra ----> aplicativos
Inserindo a palavra ----> registre
Inserindo a palavra ----> site
Inserindo a palavra ----> blog
Inserindo a palavra ----> mail
Inserindo a palavra ----> virtual
Inserindo a palavra ----> divulgue
Inserindo a palavra ----> moderninha
Inserindo a palavra ----> wifi
Inserindo a palavra ----> presencial
Inserindo a palavra ----> app
Inserindo a palavra ----> solicite
Inserindo a palavra ----> competicao
Inserindo a palavra ----> atletismo
Inserindo a palavra ----> badminton
Inserindo a palavra ----> beisebol
Inserindo a palavra ----> canoagem
Inserindo a palavra ----> carate
Inserindo a palavra ----> arthur
Inserindo a palavra ----> cbf
Inserindo a palavra ----> ciclismo
Inserindo a palavra ----> clubes
Inserindo a palavra ----> cob
Inserindo a palavra ----> confederacoes
Inserindo a palavra ----> comites
Inserindo a palavra ----> paraolimpico
Inserindo a palavra ----> handebol
Inserindo a palavra ----> judo
Inserindo a palavra ----> olimpicas
Inserindo a palavra ----> mp841
Inserindo a palavra ----> mundial
Inserindo a palavra ----> pacaembu
Inserindo a palavra ----> pyeongchang
Inserindo a palavra ----> 2018
Inserindo a palavra ----> 2016
Inserindo a palavra ----> rugbi
Inserindo a palavra ----> skate
Inserindo a palavra ----> superliga
Inserindo a palavra ----> surfe
Inserindo a palavra ----> taekwondo
Inserindo a palavra ----> toquio
Inserindo a palavra ----> 2020
Inserindo a palavra ----> triatlo
Inserindo a palavra ----> demetrio
Inserindo a palavra ----> 2028
Inserindo a palavra ----> 20t19172728
Inserindo a palavra ----> 17h27
Inserindo a palavra ----> diego
Inserindo a palavra ----> crb
Inserindo a palavra ----> rn
Inserindo a palavra ----> dopagem
Inserindo a palavra ----> naquele
Inserindo a palavra ----> santista
Inserindo a palavra ----> indicou
Inserindo a palavra ----> proibida
Inserindo a palavra ----> benzoylecgonine
Inserindo a palavra ----> causou
Inserindo a palavra ----> anuncio
Inserindo a palavra ----> uruguaio
Inserindo a palavra ----> ocorreu
Inserindo a palavra ----> mirassol
Inserindo a palavra ----> macae
Inserindo a palavra ----> marcantes
Inserindo a palavra ----> 2011
Inserindo a palavra ----> 2013
Inserindo a palavra ----> atual
Inserindo a palavra ----> atuou
Inserindo a palavra ----> analitico
Inserindo a palavra ----> antidoping
Inserindo a palavra ----> preventivamente
Inserindo a palavra ----> metabolito
Inserindo a palavra ----> abc
Inserindo a palavra ----> campeonato
Inserindo a palavra ----> atacante
Inserindo a palavra ----> vitor
Inserindo a palavra ----> testou
Inserindo a palavra ----> desportiva
Inserindo a palavra ----> antidopagem
Inserindo a palavra ----> recorde
Inserindo a palavra ----> mancando
Inserindo a palavra ----> libero
Inserindo a palavra ----> reporter
Inserindo a palavra ----> focado
Inserindo a palavra ----> olimpica
Inserindo a palavra ----> istoe
Inserindo a palavra ----> colunista
Inserindo a palavra ----> blogueiro
Inserindo a palavra ----> sugestoes
Inserindo a palavra ----> protagonistas
Inserindo a palavra ----> dirigentes
Inserindo a palavra ----> esportivos
Inserindo a palavra ----> fiscalizados
Inserindo a palavra ----> lupa
Inserindo a palavra ----> eletronicos
Inserindo a palavra ----> incentivar
Inserindo a palavra ----> acoes
Inserindo a palavra ----> governamentais
Inserindo a palavra ----> investimento
Inserindo a palavra ----> lobby
Inserindo a palavra ----> campea
Inserindo a palavra ----> eua
Inserindo a palavra ----> comentada
Inserindo a palavra ----> transexual
Inserindo a palavra ----> sites
Inserindo a palavra ----> conservadores
Inserindo a palavra ----> destacaram
Inserindo a palavra ----> usp
Inserindo a palavra ----> repostos
Inserindo a palavra ----> parceiras
Inserindo a palavra ----> instalando
Inserindo a palavra ----> cidadania
Inserindo a palavra ----> osmar
Inserindo a palavra ----> exaltando
Inserindo a palavra ----> fisiologismo
Inserindo a palavra ----> diretores
Inserindo a palavra ----> prefeitos
Inserindo a palavra ----> gauchas
Inserindo a palavra ----> filiados
Inserindo a palavra ----> sociais
Inserindo a palavra ----> selecao
Inserindo a palavra ----> anunciou
Inserindo a palavra ----> equipe
Inserindo a palavra ----> disputara
Inserindo a palavra ----> time
Inserindo a palavra ----> curriculo
Inserindo a palavra ----> toronto
Inserindo a palavra ----> 2015
Inserindo a palavra ----> ingressos
Inserindo a palavra ----> fisico
Inserindo a palavra ----> comprovadamente
Inserindo a palavra ----> carente
Inserindo a palavra ----> registrado
Inserindo a palavra ----> hemocentro
Inserindo a palavra ----> ferroviario
Inserindo a palavra ----> londrina
Inserindo a palavra ----> ibirapuera
Inserindo a palavra ----> enquanto
Inserindo a palavra ----> aguarda
Inserindo a palavra ----> esportivo
Inserindo a palavra ----> doria
Inserindo a palavra ----> antecipou
Inserindo a palavra ----> privatizou
Inserindo a palavra ----> 2014
Inserindo a palavra ----> consertada
Inserindo a palavra ----> assessorias
Inserindo a palavra ----> esportivas
Inserindo a palavra ----> atuam
Inserindo a palavra ----> concursados
Inserindo a palavra ----> salinha
Inserindo a palavra ----> esperou
Inserindo a palavra ----> funcionava
Inserindo a palavra ----> esquema
Inserindo a palavra ----> mandos
Inserindo a palavra ----> mandante
Inserindo a palavra ----> compromete
Inserindo a palavra ----> taxas
Inserindo a palavra ----> estadual
Inserindo a palavra ----> goncalo
Inserindo a palavra ----> alziro
Inserindo a palavra ----> itaborai
Inserindo a palavra ----> enfim
Inserindo a palavra ----> agnelo
Inserindo a palavra ----> piva
Inserindo a palavra ----> direcao
Inserindo a palavra ----> reeleicoes
Inserindo a palavra ----> adia
Inserindo a palavra ----> projeto
Inserindo a palavra ----> ambiental
Inserindo a palavra ----> inviabiliza
Inserindo a palavra ----> autodromo
Inserindo a palavra ----> protecao
Inserindo a palavra ----> apa
Inserindo a palavra ----> inviabilizaria
Inserindo a palavra ----> camboata
Inserindo a palavra ----> licitou
Inserindo a palavra ----> viarias
Inserindo a palavra ----> parceira
Inserindo a palavra ----> ppp
Inserindo a palavra ----> intervencoes
Inserindo a palavra ----> onibus
Inserindo a palavra ----> viadutos
Inserindo a palavra ----> passarelas
Inserindo a palavra ----> rodovia
Inserindo a palavra ----> marcelo
Inserindo a palavra ----> prb
Inserindo a palavra ----> custos
Inserindo a palavra ----> apontem
Inserindo a palavra ----> prontas
Inserindo a palavra ----> gp
Inserindo a palavra ----> 2021
Inserindo a palavra ----> aiba
Inserindo a palavra ----> estara
Inserindo a palavra ----> internacionais
Inserindo a palavra ----> chancelada
Inserindo a palavra ----> imbroglio
Inserindo a palavra ----> motorsports
Inserindo a palavra ----> edital
Inserindo a palavra ----> doada
Inserindo a palavra ----> 2012
Inserindo a palavra ----> contabilizada
Inserindo a palavra ----> olimpiada
Inserindo a palavra ----> reversao
Inserindo a palavra ----> manente
Inserindo a palavra ----> insolita
Inserindo a palavra ----> parceria
Inserindo a palavra ----> envolvendo
Inserindo a palavra ----> marquinho
Inserindo a palavra ----> 4x100m
Inserindo a palavra ----> revezamentos
Inserindo a palavra ----> posou
Inserindo a palavra ----> senna
Inserindo a palavra ----> batizado
Inserindo a palavra ----> ayrton
Inserindo a palavra ----> gerou
Inserindo a palavra ----> nelsinho
Inserindo a palavra ----> promotores
Inserindo a palavra ----> diamond
Inserindo a palavra ----> caster
Inserindo a palavra ----> acatada
Inserindo a palavra ----> arbitral
Inserindo a palavra ----> organizadores
Inserindo a palavra ----> meeting
Inserindo a palavra ----> jeitinho
Inserindo a palavra ----> prefontaine
Inserindo a palavra ----> rasos
Inserindo a palavra ----> encerrou
Inserindo a palavra ----> finais
Inserindo a palavra ----> derrotados
Inserindo a palavra ----> terminaram
Inserindo a palavra ----> 1987
Inserindo a palavra ----> recebera
Inserindo a palavra ----> etapas
Inserindo a palavra ----> podio
Inserindo a palavra ----> evento
Inserindo a palavra ----> faturou
Inserindo a palavra ----> itapema
Inserindo a palavra ----> sediou
Inserindo a palavra ----> semifinais
Inserindo a palavra ----> fatura
Inserindo a palavra ----> milena
Inserindo a palavra ----> derrotada
Inserindo a palavra ----> semifinal
Inserindo a palavra ----> 2017
Inserindo a palavra ----> assegurou
Inserindo a palavra ----> oferecendo
Inserindo a palavra ----> premiacao
Inserindo a palavra ----> velejadores
Inserindo a palavra ----> vaquinha
Inserindo a palavra ----> maios
Inserindo a palavra ----> desportos
Inserindo a palavra ----> cbda
Inserindo a palavra ----> sincronizado
Inserindo a palavra ----> usarao
Inserindo a palavra ----> contactado
Inserindo a palavra ----> reportagem
Inserindo a palavra ----> afirmaram
Inserindo a palavra ----> retirarao
Inserindo a palavra ----> boicote
Inserindo a palavra ----> panam
Inserindo a palavra ----> temendo
Inserindo a palavra ----> realizara
Inserindo a palavra ----> competicoes
Inserindo a palavra ----> privatizar
Inserindo a palavra ----> interlagos
Inserindo a palavra ----> promova
Inserindo a palavra ----> privatizacao
Inserindo a palavra ----> substitutivo
Inserindo a palavra ----> esportistas
Inserindo a palavra ----> revelou
Inserindo a palavra ----> olimpiadas
Inserindo a palavra ----> leonardo
Inserindo a palavra ----> liminar
Inserindo a palavra ----> vota
Inserindo a palavra ----> eventos
Inserindo a palavra ----> bancados
Inserindo a palavra ----> quorum
Inserindo a palavra ----> sancionado
Inserindo a palavra ----> rock
Inserindo a palavra ----> tour
Inserindo a palavra ----> rally
Inserindo a palavra ----> voos
Inserindo a palavra ----> especificamente
Inserindo a palavra ----> 2022
Inserindo a palavra ----> ambiciosos
Inserindo a palavra ----> juntaram
Inserindo a palavra ----> capua
Inserindo a palavra ----> investimentos
Inserindo a palavra ----> rivais
Inserindo a palavra ----> arquibancadas
Inserindo a palavra ----> alviverde
Inserindo a palavra ----> corintiana
Inserindo a palavra ----> revezamento
Inserindo a palavra ----> renovada
Inserindo a palavra ----> potencias
Inserindo a palavra ----> 2002
Inserindo a palavra ----> fundista
Inserindo a palavra ----> testado
Inserindo a palavra ----> denunciou
Inserindo a palavra ----> reabre
Inserindo a palavra ----> gongo
Inserindo a palavra ----> derrubado
Inserindo a palavra ----> celio
Inserindo a palavra ----> maracana
Inserindo a palavra ----> reabrira
Inserindo a palavra ----> revitalizou
Inserindo a palavra ----> esperados
Inserindo a palavra ----> avanca
Inserindo a palavra ----> otimista
Inserindo a palavra ----> eletricos
Inserindo a palavra ----> entrave
Inserindo a palavra ----> coletiva
Inserindo a palavra ----> desdenhou
Inserindo a palavra ----> concorrida
Inserindo a palavra ----> demonstraram
Inserindo a palavra ----> otimismo
Inserindo a palavra ----> editado
Inserindo a palavra ----> flexibilizou
Inserindo a palavra ----> precisavam
Inserindo a palavra ----> frequentarem
Inserindo a palavra ----> responsaveis
Inserindo a palavra ----> legais
Inserindo a palavra ----> descarta
Inserindo a palavra ----> vigencia
Inserindo a palavra ----> 1608
Inserindo a palavra ----> dilma
Inserindo a palavra ----> rousseff
Inserindo a palavra ----> atualmente
Inserindo a palavra ----> boxes
Inserindo a palavra ----> contratada
Inserindo a palavra ----> caninde
Inserindo a palavra ----> defasado
Inserindo a palavra ----> 983
Inserindo a palavra ----> turistas
Inserindo a palavra ----> amostragem
Inserindo a palavra ----> impacto
Inserindo a palavra ----> superando
Inserindo a palavra ----> apontavam
Inserindo a palavra ----> locais
Inserindo a palavra ----> possui
Inserindo a palavra ----> implicara
Inserindo a palavra ----> associada
Inserindo a palavra ----> constatacoes
Inserindo a palavra ----> resquicio
Inserindo a palavra ----> atlantica
Inserindo a palavra ----> alegam
Inserindo a palavra ----> emitiram
Inserindo a palavra ----> conjunta
Inserindo a palavra ----> sediando
Inserindo a palavra ----> ajuizou
Inserindo a palavra ----> acao
Inserindo a palavra ----> cobrando
Inserindo a palavra ----> tecnicos
Inserindo a palavra ----> enfermagem
Inserindo a palavra ----> parques
Inserindo a palavra ----> atualidade
Inserindo a palavra ----> queniano
Inserindo a palavra ----> controlada
Inserindo a palavra ----> mecenas
Inserindo a palavra ----> envolvidos
Inserindo a palavra ----> editorias
Inserindo a palavra ----> agronegocios
Inserindo a palavra ----> caminhoes
Inserindo a palavra ----> hibridos
Inserindo a palavra ----> ipva
Inserindo a palavra ----> calculadoras
Inserindo a palavra ----> pme
Inserindo a palavra ----> teste
Inserindo a palavra ----> vocacional
Inserindo a palavra ----> cinema
Inserindo a palavra ----> games
Inserindo a palavra ----> lollapalooza
Inserindo a palavra ----> imobiliario
Inserindo a palavra ----> mt
Inserindo a palavra ----> petrolina
Inserindo a palavra ----> pi
Inserindo a palavra ----> amazonia
Inserindo a palavra ----> amapa
Inserindo a palavra ----> tapajos
Inserindo a palavra ----> rondonia
Inserindo a palavra ----> ariquemes
Inserindo a palavra ----> jamari
Inserindo a palavra ----> cacoal
Inserindo a palavra ----> vilhena
Inserindo a palavra ----> roraima
Inserindo a palavra ----> sudeste
Inserindo a palavra ----> gerais
Inserindo a palavra ----> bh
Inserindo a palavra ----> uberlandia
